Log file open, 05/05/20 17:44:47
LogWindows: Failed to load 'aqProf.dll' (GetLastError=126)
LogWindows: File 'aqProf.dll' does not exist
LogWindows: Failed to load 'VtuneApi.dll' (GetLastError=126)
LogWindows: File 'VtuneApi.dll' does not exist
LogWindows: Failed to load 'VtuneApi32e.dll' (GetLastError=126)
LogWindows: File 'VtuneApi32e.dll' does not exist
LogConsoleResponse: Display: Failed to find resolution value strings in scalability ini. Falling back to default.
LogInit: Display: Running engine for game: RecuperacionPabloV
LogPlatformFile: Not using cached read wrapper
LogTaskGraph: Started task graph with 5 named threads and 23 total threads with 3 sets of task threads.
LogStats: Stats thread started at 0.091163
LogD3D11RHI: Loaded GFSDK_Aftermath_Lib.x64.dll
LogICUInternationalization: ICU TimeZone Detection - Raw Offset: +1:00, Platform Override: ''
LogPluginManager: Mounting plugin Paper2D
LogPluginManager: Mounting plugin AISupport
LogPluginManager: Mounting plugin LightPropagationVolume
LogPluginManager: Mounting plugin ActorLayerUtilities
LogPluginManager: Mounting plugin AnimationSharing
LogPluginManager: Mounting plugin CLionSourceCodeAccess
LogPluginManager: Mounting plugin CodeLiteSourceCodeAccess
LogPluginManager: Mounting plugin GitSourceControl
LogPluginManager: Mounting plugin KDevelopSourceCodeAccess
LogPluginManager: Mounting plugin NullSourceCodeAccess
LogPluginManager: Mounting plugin PerforceSourceControl
LogPluginManager: Mounting plugin PlasticSourceControl
LogPluginManager: Mounting plugin SubversionSourceControl
LogPluginManager: Mounting plugin UObjectPlugin
LogPluginManager: Mounting plugin VisualStudioCodeSourceCodeAccess
LogPluginManager: Mounting plugin VisualStudioSourceCodeAccess
LogPluginManager: Mounting plugin XCodeSourceCodeAccess
LogPluginManager: Mounting plugin AssetManagerEditor
LogPluginManager: Mounting plugin CryptoKeys
LogPluginManager: Mounting plugin CurveEditorTools
LogPluginManager: Mounting plugin DataValidation
LogPluginManager: Mounting plugin FacialAnimation
LogPluginManager: Mounting plugin GameplayTagsEditor
LogPluginManager: Mounting plugin MacGraphicsSwitching
LogPluginManager: Mounting plugin MaterialAnalyzer
LogPluginManager: Mounting plugin MobileLauncherProfileWizard
LogPluginManager: Mounting plugin PluginBrowser
LogPluginManager: Mounting plugin SpeedTreeImporter
LogPluginManager: Mounting plugin DatasmithContent
LogPluginManager: Mounting plugin VariantManagerContent
LogPluginManager: Mounting plugin AlembicImporter
LogPluginManager: Mounting plugin AutomationUtils
LogPluginManager: Mounting plugin BackChannel
LogPluginManager: Mounting plugin CharacterAI
LogPluginManager: Mounting plugin GeometryCache
LogPluginManager: Mounting plugin PlatformCrypto
LogPluginManager: Mounting plugin ProxyLODPlugin
LogPluginManager: Mounting plugin SkeletalReduction
LogPluginManager: Mounting plugin MagicLeap
LogPluginManager: Mounting plugin MagicLeapMedia
LogPluginManager: Mounting plugin MLSDK
LogPluginManager: Mounting plugin AndroidMedia
LogPluginManager: Mounting plugin AvfMedia
LogPluginManager: Mounting plugin ImgMedia
LogPluginManager: Mounting plugin MediaCompositing
LogPluginManager: Mounting plugin MediaPlayerEditor
LogPluginManager: Mounting plugin WebMMedia
LogPluginManager: Mounting plugin WmfMedia
LogPluginManager: Mounting plugin TcpMessaging
LogPluginManager: Mounting plugin UdpMessaging
LogPluginManager: Mounting plugin ActorSequence
LogPluginManager: Mounting plugin LevelSequenceEditor
LogPluginManager: Mounting plugin MatineeToLevelSequence
LogPluginManager: Mounting plugin NetcodeUnitTest
LogPluginManager: Mounting plugin NUTUnrealEngine4
LogPluginManager: Mounting plugin OnlineSubsystemGooglePlay
LogPluginManager: Mounting plugin OnlineSubsystemIOS
LogPluginManager: Mounting plugin OnlineSubsystem
LogPluginManager: Mounting plugin OnlineSubsystemNull
LogPluginManager: Mounting plugin OnlineSubsystemUtils
LogPluginManager: Mounting plugin LauncherChunkInstaller
LogPluginManager: Mounting plugin AndroidDeviceProfileSelector
LogPluginManager: Mounting plugin AndroidMoviePlayer
LogPluginManager: Mounting plugin AndroidPermission
LogPluginManager: Mounting plugin AppleImageUtils
LogPluginManager: Mounting plugin AppleMoviePlayer
LogPluginManager: Mounting plugin ArchVisCharacter
LogPluginManager: Mounting plugin AssetTags
LogPluginManager: Mounting plugin AudioCapture
LogPluginManager: Mounting plugin CableComponent
LogPluginManager: Mounting plugin CustomMeshComponent
LogPluginManager: Mounting plugin EditableMesh
LogPluginManager: Mounting plugin ExampleDeviceProfileSelector
LogPluginManager: Mounting plugin GoogleCloudMessaging
LogPluginManager: Mounting plugin IOSDeviceProfileSelector
LogPluginManager: Mounting plugin LinuxDeviceProfileSelector
LogPluginManager: Mounting plugin LocationServicesBPLibrary
LogPluginManager: Mounting plugin MobilePatchingUtils
LogPluginManager: Mounting plugin OculusVR
LogPluginManager: Mounting plugin PhysXVehicles
LogPluginManager: Mounting plugin PostSplashScreen
LogPluginManager: Mounting plugin ProceduralMeshComponent
LogPluginManager: Mounting plugin RuntimePhysXCooking
LogPluginManager: Mounting plugin SignificanceManager
LogPluginManager: Mounting plugin SteamVR
LogPluginManager: Mounting plugin WebMMoviePlayer
LogPluginManager: Mounting plugin WindowsMoviePlayer
LogPluginManager: Mounting plugin ScreenshotTools
LogInit: Using libcurl 7.55.1-DEV
LogInit:  - built for x86_64-pc-win32
LogInit:  - supports SSL with OpenSSL/1.1.1
LogInit:  - supports HTTP deflate (compression) using libz 1.2.8
LogInit:  - other features:
LogInit:      CURL_VERSION_SSL
LogInit:      CURL_VERSION_LIBZ
LogInit:      CURL_VERSION_IPV6
LogInit:      CURL_VERSION_ASYNCHDNS
LogInit:      CURL_VERSION_LARGEFILE
LogInit:      CURL_VERSION_IDN
LogInit:  CurlRequestOptions (configurable via config and command line):
LogInit:  - bVerifyPeer = true  - Libcurl will verify peer certificate
LogInit:  - bUseHttpProxy = false  - Libcurl will NOT use HTTP proxy
LogInit:  - bDontReuseConnections = false  - Libcurl will reuse connections
LogInit:  - MaxHostConnections = 16  - Libcurl will limit the number of connections to a host
LogInit:  - LocalHostAddr = Default
LogInit:  - BufferSize = 65536
LogOnline: OSS: Creating online subsystem instance for: NULL
LogInit: WinSock: version 1.1 (2.2), MaxSocks=32767, MaxUdp=65467
LogOnline: OSS: TryLoadSubsystemAndSetDefault: Loaded subsystem for module [NULL]
LogInit: Build: ++UE4+Release-4.24-CL-11590370
LogInit: Engine Version: 4.24.3-11590370+++UE4+Release-4.24
LogInit: Compatible Engine Version: 4.24.0-10570792+++UE4+Release-4.24
LogInit: Net CL: 10570792
LogInit: OS: Windows 10 (Release 1903) (), CPU: Intel(R) Core(TM) i7-7700HQ CPU @ 2.80GHz, GPU: Intel(R) HD Graphics 630
LogInit: Compiled (64-bit): Feb 24 2020 15:39:18
LogInit: Compiled with Visual C++: 19.16.27032.01
LogInit: Build Configuration: Development
LogInit: Branch Name: ++UE4+Release-4.24
LogInit: Command Line: 
LogInit: Base Directory: D:/EpicGames/UE_4.24/Engine/Binaries/Win64/
LogInit: Installed Engine Build: 1
LogDevObjectVersion: Number of dev versions registered: 25
LogDevObjectVersion:   Dev-Blueprints (B0D832E4-1F89-4F0D-ACCF-7EB736FD4AA2): 10
LogDevObjectVersion:   Dev-Build (E1C64328-A22C-4D53-A36C-8E866417BD8C): 0
LogDevObjectVersion:   Dev-Core (375EC13C-06E4-48FB-B500-84F0262A717E): 3
LogDevObjectVersion:   Dev-Editor (E4B068ED-F494-42E9-A231-DA0B2E46BB41): 37
LogDevObjectVersion:   Dev-Framework (CFFC743F-43B0-4480-9391-14DF171D2073): 36
LogDevObjectVersion:   Dev-Mobile (B02B49B5-BB20-44E9-A304-32B752E40360): 2
LogDevObjectVersion:   Dev-Networking (A4E4105C-59A1-49B5-A7C5-40C4547EDFEE): 0
LogDevObjectVersion:   Dev-Online (39C831C9-5AE6-47DC-9A44-9C173E1C8E7C): 0
LogDevObjectVersion:   Dev-Physics (78F01B33-EBEA-4F98-B9B4-84EACCB95AA2): 2
LogDevObjectVersion:   Dev-Platform (6631380F-2D4D-43E0-8009-CF276956A95A): 0
LogDevObjectVersion:   Dev-Rendering (12F88B9F-8875-4AFC-A67C-D90C383ABD29): 36
LogDevObjectVersion:   Dev-Sequencer (7B5AE74C-D270-4C10-A958-57980B212A5A): 11
LogDevObjectVersion:   Dev-VR (D7296918-1DD6-4BDD-9DE2-64A83CC13884): 2
LogDevObjectVersion:   Dev-LoadTimes (C2A15278-BFE7-4AFE-6C17-90FF531DF755): 1
LogDevObjectVersion:   Private-Geometry (6EACA3D4-40EC-4CC1-B786-8BED09428FC5): 3
LogDevObjectVersion:   Dev-AnimPhys (29E575DD-E0A3-4627-9D10-D276232CDCEA): 17
LogDevObjectVersion:   Dev-Anim (AF43A65D-7FD3-4947-9873-3E8ED9C1BB05): 2
LogDevObjectVersion:   Dev-ReflectionCapture (6B266CEC-1EC7-4B8F-A30B-E4D90942FC07): 1
LogDevObjectVersion:   Dev-Automation (0DF73D61-A23F-47EA-B727-89E90C41499A): 1
LogDevObjectVersion:   FortniteMain (601D1886-AC64-4F84-AA16-D3DE0DEAC7D6): 31
LogDevObjectVersion:   Dev-Enterprise (9DFFBCD6-494F-0158-E221-12823C92A888): 8
LogDevObjectVersion:   Dev-Niagara (F2AED0AC-9AFE-416F-8664-AA7FFA26D6FC): 1
LogDevObjectVersion:   Dev-Destruction (174F1F0B-B4C6-45A5-B13F-2EE8D0FB917D): 9
LogDevObjectVersion:   Dev-Physics-Ext (35F94A83-E258-406C-A318-09F59610247C): 8
LogDevObjectVersion:   Dev-CineCamera (B2E18506-4273-CFC2-A54E-F4BB758BBA07): 1
LogInit: Presizing for max 25165824 objects, including 0 objects not considered by GC, pre-allocating 0 bytes for permanent pool.
LogInit: Object subsystem initialized
LogConfig: Setting CVar [[con.DebugEarlyDefault:1]]
LogConfig: Setting CVar [[r.setres:1280x720]]
[2020.05.05-15.44.47:502][  0]LogConfig: Setting CVar [[r.VSync:0]]
[2020.05.05-15.44.47:502][  0]LogConfig: Setting CVar [[r.RHICmdBypass:0]]
[2020.05.05-15.44.47:502][  0]LogConfig: Applying CVar settings from Section [/Script/Engine.RendererSettings] File [D:/Uni/Recu Unreal/RepositorioRecuPabloValero/RecuperacionUnreal_PabloValeroMorales/RecuperacionPabloV/Saved/Config/Windows/Engine.ini]
[2020.05.05-15.44.47:502][  0]LogConfig: Setting CVar [[r.GPUCrashDebugging:0]]
[2020.05.05-15.44.47:502][  0]LogConfig: Applying CVar settings from Section [/Script/Engine.RendererOverrideSettings] File [D:/Uni/Recu Unreal/RepositorioRecuPabloValero/RecuperacionUnreal_PabloValeroMorales/RecuperacionPabloV/Saved/Config/Windows/Engine.ini]
[2020.05.05-15.44.47:502][  0]LogConfig: Applying CVar settings from Section [/Script/Engine.StreamingSettings] File [D:/Uni/Recu Unreal/RepositorioRecuPabloValero/RecuperacionUnreal_PabloValeroMorales/RecuperacionPabloV/Saved/Config/Windows/Engine.ini]
[2020.05.05-15.44.47:502][  0]LogConfig: Setting CVar [[s.MinBulkDataSizeForAsyncLoading:131072]]
[2020.05.05-15.44.47:502][  0]LogConfig: Setting CVar [[s.AsyncLoadingThreadEnabled:0]]
[2020.05.05-15.44.47:502][  0]LogConfig: Setting CVar [[s.EventDrivenLoaderEnabled:1]]
[2020.05.05-15.44.47:502][  0]LogConfig: Setting CVar [[s.WarnIfTimeLimitExceeded:0]]
[2020.05.05-15.44.47:502][  0]LogConfig: Setting CVar [[s.TimeLimitExceededMultiplier:1.5]]
[2020.05.05-15.44.47:502][  0]LogConfig: Setting CVar [[s.TimeLimitExceededMinTime:0.005]]
[2020.05.05-15.44.47:502][  0]LogConfig: Setting CVar [[s.UseBackgroundLevelStreaming:1]]
[2020.05.05-15.44.47:502][  0]LogConfig: Setting CVar [[s.PriorityAsyncLoadingExtraTime:15.0]]
[2020.05.05-15.44.47:502][  0]LogConfig: Setting CVar [[s.LevelStreamingActorsUpdateTimeLimit:5.0]]
[2020.05.05-15.44.47:502][  0]LogConfig: Setting CVar [[s.PriorityLevelStreamingActorsUpdateExtraTime:5.0]]
[2020.05.05-15.44.47:502][  0]LogConfig: Setting CVar [[s.LevelStreamingComponentsRegistrationGranularity:10]]
[2020.05.05-15.44.47:503][  0]LogConfig: Setting CVar [[s.UnregisterComponentsTimeLimit:1.0]]
[2020.05.05-15.44.47:503][  0]LogConfig: Setting CVar [[s.LevelStreamingComponentsUnregistrationGranularity:5]]
[2020.05.05-15.44.47:503][  0]LogConfig: Setting CVar [[s.FlushStreamingOnExit:1]]
[2020.05.05-15.44.47:503][  0]LogConfig: Applying CVar settings from Section [/Script/Engine.GarbageCollectionSettings] File [D:/Uni/Recu Unreal/RepositorioRecuPabloValero/RecuperacionUnreal_PabloValeroMorales/RecuperacionPabloV/Saved/Config/Windows/Engine.ini]
[2020.05.05-15.44.47:503][  0]LogConfig: Setting CVar [[gc.MaxObjectsNotConsideredByGC:1]]
[2020.05.05-15.44.47:503][  0]LogConfig: Setting CVar [[gc.SizeOfPermanentObjectPool:0]]
[2020.05.05-15.44.47:503][  0]LogConfig: Setting CVar [[gc.FlushStreamingOnGC:0]]
[2020.05.05-15.44.47:503][  0]LogConfig: Setting CVar [[gc.NumRetriesBeforeForcingGC:10]]
[2020.05.05-15.44.47:503][  0]LogConfig: Setting CVar [[gc.AllowParallelGC:1]]
[2020.05.05-15.44.47:503][  0]LogConfig: Setting CVar [[gc.TimeBetweenPurgingPendingKillObjects:61.1]]
[2020.05.05-15.44.47:503][  0]LogConfig: Setting CVar [[gc.MaxObjectsInEditor:25165824]]
[2020.05.05-15.44.47:503][  0]LogConfig: Setting CVar [[gc.IncrementalBeginDestroyEnabled:1]]
[2020.05.05-15.44.47:503][  0]LogConfig: Setting CVar [[gc.CreateGCClusters:1]]
[2020.05.05-15.44.47:503][  0]LogConfig: Setting CVar [[gc.MinGCClusterSize:5]]
[2020.05.05-15.44.47:503][  0]LogConfig: Setting CVar [[gc.ActorClusteringEnabled:0]]
[2020.05.05-15.44.47:503][  0]LogConfig: Setting CVar [[gc.BlueprintClusteringEnabled:0]]
[2020.05.05-15.44.47:503][  0]LogConfig: Setting CVar [[gc.UseDisregardForGCOnDedicatedServers:0]]
[2020.05.05-15.44.47:503][  0]LogConfig: Applying CVar settings from Section [/Script/Engine.NetworkSettings] File [D:/Uni/Recu Unreal/RepositorioRecuPabloValero/RecuperacionUnreal_PabloValeroMorales/RecuperacionPabloV/Saved/Config/Windows/Engine.ini]
[2020.05.05-15.44.47:503][  0]LogConfig: Applying CVar settings from Section [/Script/UnrealEd.CookerSettings] File [D:/Uni/Recu Unreal/RepositorioRecuPabloValero/RecuperacionUnreal_PabloValeroMorales/RecuperacionPabloV/Saved/Config/Windows/Engine.ini]
[2020.05.05-15.44.47:512][  0]LogConfig: Applying CVar settings from Section [ViewDistanceQuality@3] File [D:/Uni/Recu Unreal/RepositorioRecuPabloValero/RecuperacionUnreal_PabloValeroMorales/RecuperacionPabloV/Saved/Config/Windows/Scalability.ini]
[2020.05.05-15.44.47:512][  0]LogConfig: Setting CVar [[r.SkeletalMeshLODBias:0]]
[2020.05.05-15.44.47:512][  0]LogConfig: Setting CVar [[r.ViewDistanceScale:1.0]]
[2020.05.05-15.44.47:512][  0]LogConfig: Applying CVar settings from Section [AntiAliasingQuality@3] File [D:/Uni/Recu Unreal/RepositorioRecuPabloValero/RecuperacionUnreal_PabloValeroMorales/RecuperacionPabloV/Saved/Config/Windows/Scalability.ini]
[2020.05.05-15.44.47:512][  0]LogConfig: Setting CVar [[r.PostProcessAAQuality:4]]
[2020.05.05-15.44.47:512][  0]LogConfig: Applying CVar settings from Section [ShadowQuality@3] File [D:/Uni/Recu Unreal/RepositorioRecuPabloValero/RecuperacionUnreal_PabloValeroMorales/RecuperacionPabloV/Saved/Config/Windows/Scalability.ini]
[2020.05.05-15.44.47:512][  0]LogConfig: Setting CVar [[r.LightFunctionQuality:1]]
[2020.05.05-15.44.47:512][  0]LogConfig: Setting CVar [[r.ShadowQuality:5]]
[2020.05.05-15.44.47:512][  0]LogConfig: Setting CVar [[r.Shadow.CSM.MaxCascades:10]]
[2020.05.05-15.44.47:512][  0]LogConfig: Setting CVar [[r.Shadow.MaxResolution:2048]]
[2020.05.05-15.44.47:512][  0]LogConfig: Setting CVar [[r.Shadow.MaxCSMResolution:2048]]
[2020.05.05-15.44.47:512][  0]LogConfig: Setting CVar [[r.Shadow.RadiusThreshold:0.01]]
[2020.05.05-15.44.47:512][  0]LogConfig: Setting CVar [[r.Shadow.DistanceScale:1.0]]
[2020.05.05-15.44.47:512][  0]LogConfig: Setting CVar [[r.Shadow.CSM.TransitionScale:1.0]]
[2020.05.05-15.44.47:512][  0]LogConfig: Setting CVar [[r.Shadow.PreShadowResolutionFactor:1.0]]
[2020.05.05-15.44.47:512][  0]LogConfig: Setting CVar [[r.DistanceFieldShadowing:1]]
[2020.05.05-15.44.47:512][  0]LogConfig: Setting CVar [[r.DistanceFieldAO:1]]
[2020.05.05-15.44.47:512][  0]LogConfig: Setting CVar [[r.AOQuality:2]]
[2020.05.05-15.44.47:512][  0]LogConfig: Setting CVar [[r.VolumetricFog:1]]
[2020.05.05-15.44.47:512][  0]LogConfig: Setting CVar [[r.VolumetricFog.GridPixelSize:8]]
[2020.05.05-15.44.47:512][  0]LogConfig: Setting CVar [[r.VolumetricFog.GridSizeZ:128]]
[2020.05.05-15.44.47:512][  0]LogConfig: Setting CVar [[r.VolumetricFog.HistoryMissSupersampleCount:4]]
[2020.05.05-15.44.47:512][  0]LogConfig: Setting CVar [[r.LightMaxDrawDistanceScale:1]]
[2020.05.05-15.44.47:512][  0]LogConfig: Setting CVar [[r.CapsuleShadows:1]]
[2020.05.05-15.44.47:512][  0]LogConfig: Applying CVar settings from Section [PostProcessQuality@3] File [D:/Uni/Recu Unreal/RepositorioRecuPabloValero/RecuperacionUnreal_PabloValeroMorales/RecuperacionPabloV/Saved/Config/Windows/Scalability.ini]
[2020.05.05-15.44.47:512][  0]LogConfig: Setting CVar [[r.MotionBlurQuality:4]]
[2020.05.05-15.44.47:512][  0]LogConfig: Setting CVar [[r.AmbientOcclusionMipLevelFactor:0.4]]
[2020.05.05-15.44.47:512][  0]LogConfig: Setting CVar [[r.AmbientOcclusionMaxQuality:100]]
[2020.05.05-15.44.47:512][  0]LogConfig: Setting CVar [[r.AmbientOcclusionLevels:-1]]
[2020.05.05-15.44.47:512][  0]LogConfig: Setting CVar [[r.AmbientOcclusionRadiusScale:1.0]]
[2020.05.05-15.44.47:512][  0]LogConfig: Setting CVar [[r.DepthOfFieldQuality:2]]
[2020.05.05-15.44.47:512][  0]LogConfig: Setting CVar [[r.RenderTargetPoolMin:400]]
[2020.05.05-15.44.47:512][  0]LogConfig: Setting CVar [[r.LensFlareQuality:2]]
[2020.05.05-15.44.47:512][  0]LogConfig: Setting CVar [[r.SceneColorFringeQuality:1]]
[2020.05.05-15.44.47:512][  0]LogConfig: Setting CVar [[r.EyeAdaptationQuality:2]]
[2020.05.05-15.44.47:512][  0]LogConfig: Setting CVar [[r.BloomQuality:5]]
[2020.05.05-15.44.47:512][  0]LogConfig: Setting CVar [[r.FastBlurThreshold:100]]
[2020.05.05-15.44.47:512][  0]LogConfig: Setting CVar [[r.Upscale.Quality:3]]
[2020.05.05-15.44.47:512][  0]LogConfig: Setting CVar [[r.Tonemapper.GrainQuantization:1]]
[2020.05.05-15.44.47:512][  0]LogConfig: Setting CVar [[r.LightShaftQuality:1]]
[2020.05.05-15.44.47:512][  0]LogConfig: Setting CVar [[r.Filter.SizeScale:1]]
[2020.05.05-15.44.47:512][  0]LogConfig: Setting CVar [[r.Tonemapper.Quality:5]]
[2020.05.05-15.44.47:512][  0]LogConfig: Setting CVar [[r.DOF.Gather.AccumulatorQuality:1        ; higher gathering accumulator quality]]
[2020.05.05-15.44.47:512][  0]LogConfig: Setting CVar [[r.DOF.Gather.PostfilterMethod:1          ; Median3x3 postfilering method]]
[2020.05.05-15.44.47:512][  0]LogConfig: Setting CVar [[r.DOF.Gather.EnableBokehSettings:0       ; no bokeh simulation when gathering]]
[2020.05.05-15.44.47:512][  0]LogConfig: Setting CVar [[r.DOF.Gather.RingCount:4                 ; medium number of samples when gathering]]
[2020.05.05-15.44.47:512][  0]LogConfig: Setting CVar [[r.DOF.Scatter.ForegroundCompositing:1    ; additive foreground scattering]]
[2020.05.05-15.44.47:512][  0]LogConfig: Setting CVar [[r.DOF.Scatter.BackgroundCompositing:2    ; additive background scattering]]
[2020.05.05-15.44.47:512][  0]LogConfig: Setting CVar [[r.DOF.Scatter.EnableBokehSettings:1      ; bokeh simulation when scattering]]
[2020.05.05-15.44.47:512][  0]LogConfig: Setting CVar [[r.DOF.Scatter.MaxSpriteRatio:0.1         ; only a maximum of 10% of scattered bokeh]]
[2020.05.05-15.44.47:512][  0]LogConfig: Setting CVar [[r.DOF.Recombine.Quality:1                ; cheap slight out of focus]]
[2020.05.05-15.44.47:512][  0]LogConfig: Setting CVar [[r.DOF.Recombine.EnableBokehSettings:0    ; no bokeh simulation on slight out of focus]]
[2020.05.05-15.44.47:512][  0]LogConfig: Setting CVar [[r.DOF.TemporalAAQuality:1                ; more stable temporal accumulation]]
[2020.05.05-15.44.47:512][  0]LogConfig: Setting CVar [[r.DOF.Kernel.MaxForegroundRadius:0.025]]
[2020.05.05-15.44.47:512][  0]LogConfig: Setting CVar [[r.DOF.Kernel.MaxBackgroundRadius:0.025]]
[2020.05.05-15.44.47:512][  0]LogConfig: Applying CVar settings from Section [TextureQuality@3] File [D:/Uni/Recu Unreal/RepositorioRecuPabloValero/RecuperacionUnreal_PabloValeroMorales/RecuperacionPabloV/Saved/Config/Windows/Scalability.ini]
[2020.05.05-15.44.47:512][  0]LogConfig: Setting CVar [[r.Streaming.MipBias:0]]
[2020.05.05-15.44.47:512][  0]LogConfig: Setting CVar [[r.Streaming.AmortizeCPUToGPUCopy:0]]
[2020.05.05-15.44.47:512][  0]LogConfig: Setting CVar [[r.Streaming.MaxNumTexturesToStreamPerFrame:0]]
[2020.05.05-15.44.47:512][  0]LogConfig: Setting CVar [[r.Streaming.Boost:1]]
[2020.05.05-15.44.47:512][  0]LogConfig: Setting CVar [[r.MaxAnisotropy:8]]
[2020.05.05-15.44.47:512][  0]LogConfig: Setting CVar [[r.VT.MaxAnisotropy:8]]
[2020.05.05-15.44.47:512][  0]LogConfig: Setting CVar [[r.Streaming.LimitPoolSizeToVRAM:0]]
[2020.05.05-15.44.47:512][  0]LogConfig: Setting CVar [[r.Streaming.PoolSize:1000]]
[2020.05.05-15.44.47:513][  0]LogConfig: Setting CVar [[r.Streaming.MaxEffectiveScreenSize:0]]
[2020.05.05-15.44.47:513][  0]LogConfig: Applying CVar settings from Section [EffectsQuality@3] File [D:/Uni/Recu Unreal/RepositorioRecuPabloValero/RecuperacionUnreal_PabloValeroMorales/RecuperacionPabloV/Saved/Config/Windows/Scalability.ini]
[2020.05.05-15.44.47:513][  0]LogConfig: Setting CVar [[r.TranslucencyLightingVolumeDim:64]]
[2020.05.05-15.44.47:513][  0]LogConfig: Setting CVar [[r.RefractionQuality:2]]
[2020.05.05-15.44.47:513][  0]LogConfig: Setting CVar [[r.SSR.Quality:3]]
[2020.05.05-15.44.47:513][  0]LogConfig: Setting CVar [[r.SSR.HalfResSceneColor:0]]
[2020.05.05-15.44.47:513][  0]LogConfig: Setting CVar [[r.SceneColorFormat:4]]
[2020.05.05-15.44.47:513][  0]LogConfig: Setting CVar [[r.DetailMode:2]]
[2020.05.05-15.44.47:513][  0]LogConfig: Setting CVar [[r.TranslucencyVolumeBlur:1]]
[2020.05.05-15.44.47:513][  0]LogConfig: Setting CVar [[r.MaterialQualityLevel:1 ; High quality]]
[2020.05.05-15.44.47:513][  0]LogConfig: Setting CVar [[r.SSS.Scale:1]]
[2020.05.05-15.44.47:513][  0]LogConfig: Setting CVar [[r.SSS.SampleSet:2]]
[2020.05.05-15.44.47:513][  0]LogConfig: Setting CVar [[r.SSS.Quality:1]]
[2020.05.05-15.44.47:513][  0]LogConfig: Setting CVar [[r.SSS.HalfRes:1]]
[2020.05.05-15.44.47:513][  0]LogConfig: Setting CVar [[r.SSGI.Quality:3]]
[2020.05.05-15.44.47:513][  0]LogConfig: Setting CVar [[r.EmitterSpawnRateScale:1.0]]
[2020.05.05-15.44.47:513][  0]LogConfig: Setting CVar [[r.ParticleLightQuality:2]]
[2020.05.05-15.44.47:513][  0]LogConfig: Setting CVar [[r.SkyAtmosphere.AerialPerspectiveLUT.FastApplyOnOpaque:1 ; Always have FastSkyLUT 1 in this case to avoid wrong sky]]
[2020.05.05-15.44.47:513][  0]LogConfig: Setting CVar [[r.SkyAtmosphere.AerialPerspectiveLUT.SampleCountPerSlice:1]]
[2020.05.05-15.44.47:513][  0]LogConfig: Setting CVar [[r.SkyAtmosphere.AerialPerspectiveLUT.DepthResolution:16.0]]
[2020.05.05-15.44.47:513][  0]LogConfig: Setting CVar [[r.SkyAtmosphere.FastSkyLUT:1]]
[2020.05.05-15.44.47:513][  0]LogConfig: Setting CVar [[r.SkyAtmosphere.FastSkyLUT.SampleCountMin:4.0]]
[2020.05.05-15.44.47:513][  0]LogConfig: Setting CVar [[r.SkyAtmosphere.FastSkyLUT.SampleCountMax:32.0]]
[2020.05.05-15.44.47:513][  0]LogConfig: Setting CVar [[r.SkyAtmosphere.SampleCountMin:4.0]]
[2020.05.05-15.44.47:513][  0]LogConfig: Setting CVar [[r.SkyAtmosphere.SampleCountMax:32.0]]
[2020.05.05-15.44.47:513][  0]LogConfig: Setting CVar [[r.SkyAtmosphere.TransmittanceLUT.UseSmallFormat:0]]
[2020.05.05-15.44.47:513][  0]LogConfig: Setting CVar [[r.SkyAtmosphere.TransmittanceLUT.SampleCount:10.0]]
[2020.05.05-15.44.47:513][  0]LogConfig: Setting CVar [[r.SkyAtmosphere.MultiScatteringLUT.SampleCount:15.0]]
[2020.05.05-15.44.47:513][  0]LogConfig: Applying CVar settings from Section [FoliageQuality@3] File [D:/Uni/Recu Unreal/RepositorioRecuPabloValero/RecuperacionUnreal_PabloValeroMorales/RecuperacionPabloV/Saved/Config/Windows/Scalability.ini]
[2020.05.05-15.44.47:513][  0]LogConfig: Setting CVar [[foliage.DensityScale:1.0]]
[2020.05.05-15.44.47:513][  0]LogConfig: Setting CVar [[grass.DensityScale:1.0]]
[2020.05.05-15.44.47:513][  0]LogConfig: Applying CVar settings from Section [ShadingQuality@3] File [D:/Uni/Recu Unreal/RepositorioRecuPabloValero/RecuperacionUnreal_PabloValeroMorales/RecuperacionPabloV/Saved/Config/Windows/Scalability.ini]
[2020.05.05-15.44.47:513][  0]LogConfig: Setting CVar [[r.HairStrands.SkyLighting.SampleCount:16]]
[2020.05.05-15.44.47:513][  0]LogConfig: Setting CVar [[r.HairStrands.SkyLighting.JitterIntegration:0]]
[2020.05.05-15.44.47:513][  0]LogConfig: Setting CVar [[r.HairStrands.SkyAO.SampleCount:16]]
[2020.05.05-15.44.47:513][  0]LogInit: Selected Device Profile: [Windows]
[2020.05.05-15.44.47:513][  0]LogInit: Applying CVar settings loaded from the selected device profile: [Windows]
[2020.05.05-15.44.47:516][  0]LogHAL: Display: Platform has ~ 16 GB [17059098624 / 17179869184 / 16], which maps to Larger [LargestMinGB=32, LargerMinGB=12, DefaultMinGB=8, SmallerMinGB=6, SmallestMinGB=0)
[2020.05.05-15.44.47:516][  0]LogInit: Going up to parent DeviceProfile []
[2020.05.05-15.44.47:516][  0]LogConfig: Applying CVar settings from Section [ViewDistanceQuality@3] File [D:/Uni/Recu Unreal/RepositorioRecuPabloValero/RecuperacionUnreal_PabloValeroMorales/RecuperacionPabloV/Saved/Config/Windows/Scalability.ini]
[2020.05.05-15.44.47:516][  0]LogConfig: Setting CVar [[r.SkeletalMeshLODBias:0]]
[2020.05.05-15.44.47:516][  0]LogConfig: Setting CVar [[r.ViewDistanceScale:1.0]]
[2020.05.05-15.44.47:516][  0]LogConfig: Applying CVar settings from Section [AntiAliasingQuality@3] File [D:/Uni/Recu Unreal/RepositorioRecuPabloValero/RecuperacionUnreal_PabloValeroMorales/RecuperacionPabloV/Saved/Config/Windows/Scalability.ini]
[2020.05.05-15.44.47:516][  0]LogConfig: Setting CVar [[r.PostProcessAAQuality:4]]
[2020.05.05-15.44.47:516][  0]LogConfig: Applying CVar settings from Section [ShadowQuality@3] File [D:/Uni/Recu Unreal/RepositorioRecuPabloValero/RecuperacionUnreal_PabloValeroMorales/RecuperacionPabloV/Saved/Config/Windows/Scalability.ini]
[2020.05.05-15.44.47:516][  0]LogConfig: Setting CVar [[r.LightFunctionQuality:1]]
[2020.05.05-15.44.47:516][  0]LogConfig: Setting CVar [[r.ShadowQuality:5]]
[2020.05.05-15.44.47:516][  0]LogConfig: Setting CVar [[r.Shadow.CSM.MaxCascades:10]]
[2020.05.05-15.44.47:516][  0]LogConfig: Setting CVar [[r.Shadow.MaxResolution:2048]]
[2020.05.05-15.44.47:516][  0]LogConfig: Setting CVar [[r.Shadow.MaxCSMResolution:2048]]
[2020.05.05-15.44.47:516][  0]LogConfig: Setting CVar [[r.Shadow.RadiusThreshold:0.01]]
[2020.05.05-15.44.47:516][  0]LogConfig: Setting CVar [[r.Shadow.DistanceScale:1.0]]
[2020.05.05-15.44.47:516][  0]LogConfig: Setting CVar [[r.Shadow.CSM.TransitionScale:1.0]]
[2020.05.05-15.44.47:516][  0]LogConfig: Setting CVar [[r.Shadow.PreShadowResolutionFactor:1.0]]
[2020.05.05-15.44.47:516][  0]LogConfig: Setting CVar [[r.DistanceFieldShadowing:1]]
[2020.05.05-15.44.47:516][  0]LogConfig: Setting CVar [[r.DistanceFieldAO:1]]
[2020.05.05-15.44.47:516][  0]LogConfig: Setting CVar [[r.AOQuality:2]]
[2020.05.05-15.44.47:516][  0]LogConfig: Setting CVar [[r.VolumetricFog:1]]
[2020.05.05-15.44.47:516][  0]LogConfig: Setting CVar [[r.VolumetricFog.GridPixelSize:8]]
[2020.05.05-15.44.47:516][  0]LogConfig: Setting CVar [[r.VolumetricFog.GridSizeZ:128]]
[2020.05.05-15.44.47:516][  0]LogConfig: Setting CVar [[r.VolumetricFog.HistoryMissSupersampleCount:4]]
[2020.05.05-15.44.47:516][  0]LogConfig: Setting CVar [[r.LightMaxDrawDistanceScale:1]]
[2020.05.05-15.44.47:516][  0]LogConfig: Setting CVar [[r.CapsuleShadows:1]]
[2020.05.05-15.44.47:516][  0]LogConfig: Applying CVar settings from Section [PostProcessQuality@3] File [D:/Uni/Recu Unreal/RepositorioRecuPabloValero/RecuperacionUnreal_PabloValeroMorales/RecuperacionPabloV/Saved/Config/Windows/Scalability.ini]
[2020.05.05-15.44.47:516][  0]LogConfig: Setting CVar [[r.MotionBlurQuality:4]]
[2020.05.05-15.44.47:516][  0]LogConfig: Setting CVar [[r.AmbientOcclusionMipLevelFactor:0.4]]
[2020.05.05-15.44.47:516][  0]LogConfig: Setting CVar [[r.AmbientOcclusionMaxQuality:100]]
[2020.05.05-15.44.47:516][  0]LogConfig: Setting CVar [[r.AmbientOcclusionLevels:-1]]
[2020.05.05-15.44.47:516][  0]LogConfig: Setting CVar [[r.AmbientOcclusionRadiusScale:1.0]]
[2020.05.05-15.44.47:516][  0]LogConfig: Setting CVar [[r.DepthOfFieldQuality:2]]
[2020.05.05-15.44.47:516][  0]LogConfig: Setting CVar [[r.RenderTargetPoolMin:400]]
[2020.05.05-15.44.47:516][  0]LogConfig: Setting CVar [[r.LensFlareQuality:2]]
[2020.05.05-15.44.47:516][  0]LogConfig: Setting CVar [[r.SceneColorFringeQuality:1]]
[2020.05.05-15.44.47:516][  0]LogConfig: Setting CVar [[r.EyeAdaptationQuality:2]]
[2020.05.05-15.44.47:517][  0]LogConfig: Setting CVar [[r.BloomQuality:5]]
[2020.05.05-15.44.47:517][  0]LogConfig: Setting CVar [[r.FastBlurThreshold:100]]
[2020.05.05-15.44.47:517][  0]LogConfig: Setting CVar [[r.Upscale.Quality:3]]
[2020.05.05-15.44.47:517][  0]LogConfig: Setting CVar [[r.Tonemapper.GrainQuantization:1]]
[2020.05.05-15.44.47:517][  0]LogConfig: Setting CVar [[r.LightShaftQuality:1]]
[2020.05.05-15.44.47:517][  0]LogConfig: Setting CVar [[r.Filter.SizeScale:1]]
[2020.05.05-15.44.47:517][  0]LogConfig: Setting CVar [[r.Tonemapper.Quality:5]]
[2020.05.05-15.44.47:517][  0]LogConfig: Setting CVar [[r.DOF.Gather.AccumulatorQuality:1        ; higher gathering accumulator quality]]
[2020.05.05-15.44.47:517][  0]LogConfig: Setting CVar [[r.DOF.Gather.PostfilterMethod:1          ; Median3x3 postfilering method]]
[2020.05.05-15.44.47:517][  0]LogConfig: Setting CVar [[r.DOF.Gather.EnableBokehSettings:0       ; no bokeh simulation when gathering]]
[2020.05.05-15.44.47:517][  0]LogConfig: Setting CVar [[r.DOF.Gather.RingCount:4                 ; medium number of samples when gathering]]
[2020.05.05-15.44.47:517][  0]LogConfig: Setting CVar [[r.DOF.Scatter.ForegroundCompositing:1    ; additive foreground scattering]]
[2020.05.05-15.44.47:517][  0]LogConfig: Setting CVar [[r.DOF.Scatter.BackgroundCompositing:2    ; additive background scattering]]
[2020.05.05-15.44.47:517][  0]LogConfig: Setting CVar [[r.DOF.Scatter.EnableBokehSettings:1      ; bokeh simulation when scattering]]
[2020.05.05-15.44.47:517][  0]LogConfig: Setting CVar [[r.DOF.Scatter.MaxSpriteRatio:0.1         ; only a maximum of 10% of scattered bokeh]]
[2020.05.05-15.44.47:517][  0]LogConfig: Setting CVar [[r.DOF.Recombine.Quality:1                ; cheap slight out of focus]]
[2020.05.05-15.44.47:517][  0]LogConfig: Setting CVar [[r.DOF.Recombine.EnableBokehSettings:0    ; no bokeh simulation on slight out of focus]]
[2020.05.05-15.44.47:517][  0]LogConfig: Setting CVar [[r.DOF.TemporalAAQuality:1                ; more stable temporal accumulation]]
[2020.05.05-15.44.47:517][  0]LogConfig: Setting CVar [[r.DOF.Kernel.MaxForegroundRadius:0.025]]
[2020.05.05-15.44.47:517][  0]LogConfig: Setting CVar [[r.DOF.Kernel.MaxBackgroundRadius:0.025]]
[2020.05.05-15.44.47:517][  0]LogConfig: Applying CVar settings from Section [TextureQuality@3] File [D:/Uni/Recu Unreal/RepositorioRecuPabloValero/RecuperacionUnreal_PabloValeroMorales/RecuperacionPabloV/Saved/Config/Windows/Scalability.ini]
[2020.05.05-15.44.47:517][  0]LogConfig: Setting CVar [[r.Streaming.MipBias:0]]
[2020.05.05-15.44.47:517][  0]LogConfig: Setting CVar [[r.Streaming.AmortizeCPUToGPUCopy:0]]
[2020.05.05-15.44.47:517][  0]LogConfig: Setting CVar [[r.Streaming.MaxNumTexturesToStreamPerFrame:0]]
[2020.05.05-15.44.47:517][  0]LogConfig: Setting CVar [[r.Streaming.Boost:1]]
[2020.05.05-15.44.47:517][  0]LogConfig: Setting CVar [[r.MaxAnisotropy:8]]
[2020.05.05-15.44.47:517][  0]LogConfig: Setting CVar [[r.VT.MaxAnisotropy:8]]
[2020.05.05-15.44.47:517][  0]LogConfig: Setting CVar [[r.Streaming.LimitPoolSizeToVRAM:0]]
[2020.05.05-15.44.47:517][  0]LogConfig: Setting CVar [[r.Streaming.PoolSize:1000]]
[2020.05.05-15.44.47:517][  0]LogConfig: Setting CVar [[r.Streaming.MaxEffectiveScreenSize:0]]
[2020.05.05-15.44.47:517][  0]LogConfig: Applying CVar settings from Section [EffectsQuality@3] File [D:/Uni/Recu Unreal/RepositorioRecuPabloValero/RecuperacionUnreal_PabloValeroMorales/RecuperacionPabloV/Saved/Config/Windows/Scalability.ini]
[2020.05.05-15.44.47:517][  0]LogConfig: Setting CVar [[r.TranslucencyLightingVolumeDim:64]]
[2020.05.05-15.44.47:517][  0]LogConfig: Setting CVar [[r.RefractionQuality:2]]
[2020.05.05-15.44.47:517][  0]LogConfig: Setting CVar [[r.SSR.Quality:3]]
[2020.05.05-15.44.47:517][  0]LogConfig: Setting CVar [[r.SSR.HalfResSceneColor:0]]
[2020.05.05-15.44.47:517][  0]LogConfig: Setting CVar [[r.SceneColorFormat:4]]
[2020.05.05-15.44.47:517][  0]LogConfig: Setting CVar [[r.DetailMode:2]]
[2020.05.05-15.44.47:517][  0]LogConfig: Setting CVar [[r.TranslucencyVolumeBlur:1]]
[2020.05.05-15.44.47:517][  0]LogConfig: Setting CVar [[r.MaterialQualityLevel:1 ; High quality]]
[2020.05.05-15.44.47:517][  0]LogConfig: Setting CVar [[r.SSS.Scale:1]]
[2020.05.05-15.44.47:517][  0]LogConfig: Setting CVar [[r.SSS.SampleSet:2]]
[2020.05.05-15.44.47:517][  0]LogConfig: Setting CVar [[r.SSS.Quality:1]]
[2020.05.05-15.44.47:517][  0]LogConfig: Setting CVar [[r.SSS.HalfRes:1]]
[2020.05.05-15.44.47:517][  0]LogConfig: Setting CVar [[r.SSGI.Quality:3]]
[2020.05.05-15.44.47:517][  0]LogConfig: Setting CVar [[r.EmitterSpawnRateScale:1.0]]
[2020.05.05-15.44.47:517][  0]LogConfig: Setting CVar [[r.ParticleLightQuality:2]]
[2020.05.05-15.44.47:517][  0]LogConfig: Setting CVar [[r.SkyAtmosphere.AerialPerspectiveLUT.FastApplyOnOpaque:1 ; Always have FastSkyLUT 1 in this case to avoid wrong sky]]
[2020.05.05-15.44.47:517][  0]LogConfig: Setting CVar [[r.SkyAtmosphere.AerialPerspectiveLUT.SampleCountPerSlice:1]]
[2020.05.05-15.44.47:517][  0]LogConfig: Setting CVar [[r.SkyAtmosphere.AerialPerspectiveLUT.DepthResolution:16.0]]
[2020.05.05-15.44.47:517][  0]LogConfig: Setting CVar [[r.SkyAtmosphere.FastSkyLUT:1]]
[2020.05.05-15.44.47:517][  0]LogConfig: Setting CVar [[r.SkyAtmosphere.FastSkyLUT.SampleCountMin:4.0]]
[2020.05.05-15.44.47:517][  0]LogConfig: Setting CVar [[r.SkyAtmosphere.FastSkyLUT.SampleCountMax:32.0]]
[2020.05.05-15.44.47:517][  0]LogConfig: Setting CVar [[r.SkyAtmosphere.SampleCountMin:4.0]]
[2020.05.05-15.44.47:517][  0]LogConfig: Setting CVar [[r.SkyAtmosphere.SampleCountMax:32.0]]
[2020.05.05-15.44.47:517][  0]LogConfig: Setting CVar [[r.SkyAtmosphere.TransmittanceLUT.UseSmallFormat:0]]
[2020.05.05-15.44.47:517][  0]LogConfig: Setting CVar [[r.SkyAtmosphere.TransmittanceLUT.SampleCount:10.0]]
[2020.05.05-15.44.47:517][  0]LogConfig: Setting CVar [[r.SkyAtmosphere.MultiScatteringLUT.SampleCount:15.0]]
[2020.05.05-15.44.47:517][  0]LogConfig: Applying CVar settings from Section [FoliageQuality@3] File [D:/Uni/Recu Unreal/RepositorioRecuPabloValero/RecuperacionUnreal_PabloValeroMorales/RecuperacionPabloV/Saved/Config/Windows/Scalability.ini]
[2020.05.05-15.44.47:517][  0]LogConfig: Setting CVar [[foliage.DensityScale:1.0]]
[2020.05.05-15.44.47:517][  0]LogConfig: Setting CVar [[grass.DensityScale:1.0]]
[2020.05.05-15.44.47:517][  0]LogConfig: Applying CVar settings from Section [ShadingQuality@3] File [D:/Uni/Recu Unreal/RepositorioRecuPabloValero/RecuperacionUnreal_PabloValeroMorales/RecuperacionPabloV/Saved/Config/Windows/Scalability.ini]
[2020.05.05-15.44.47:517][  0]LogConfig: Setting CVar [[r.HairStrands.SkyLighting.SampleCount:16]]
[2020.05.05-15.44.47:517][  0]LogConfig: Setting CVar [[r.HairStrands.SkyLighting.JitterIntegration:0]]
[2020.05.05-15.44.47:517][  0]LogConfig: Setting CVar [[r.HairStrands.SkyAO.SampleCount:16]]
[2020.05.05-15.44.47:517][  0]LogConfig: Applying CVar settings from Section [Startup] File [../../../Engine/Config/ConsoleVariables.ini]
[2020.05.05-15.44.47:518][  0]LogConfig: Setting CVar [[net.UseAdaptiveNetUpdateFrequency:0]]
[2020.05.05-15.44.47:518][  0]LogConfig: Setting CVar [[p.chaos.AllowCreatePhysxBodies:1]]
[2020.05.05-15.44.47:518][  0]LogConfig: Applying CVar settings from Section [ConsoleVariables] File [D:/Uni/Recu Unreal/RepositorioRecuPabloValero/RecuperacionUnreal_PabloValeroMorales/RecuperacionPabloV/Saved/Config/Windows/Engine.ini]
[2020.05.05-15.44.47:518][  0]LogInit: Computer: DESKTOP-7PALTO0
[2020.05.05-15.44.47:518][  0]LogInit: User: pvale
[2020.05.05-15.44.47:518][  0]LogInit: CPU Page size=4096, Cores=4
[2020.05.05-15.44.47:518][  0]LogInit: High frequency timer resolution =10.000000 MHz
[2020.05.05-15.44.47:518][  0]LogMemory: Memory total: Physical=15.9GB (16GB approx)
[2020.05.05-15.44.47:518][  0]LogMemory: Platform Memory Stats for Windows
[2020.05.05-15.44.47:518][  0]LogMemory: Process Physical Memory: 105.59 MB used, 105.59 MB peak
[2020.05.05-15.44.47:518][  0]LogMemory: Process Virtual Memory: 100.54 MB used, 100.54 MB peak
[2020.05.05-15.44.47:518][  0]LogMemory: Physical Memory: 7178.76 MB used,  9090.07 MB free, 16268.82 MB total
[2020.05.05-15.44.47:518][  0]LogMemory: Virtual Memory: 5137.54 MB used,  134212592.00 MB free, 134217728.00 MB total
[2020.05.05-15.44.47:521][  0]LogWindows: WindowsPlatformFeatures enabled
[2020.05.05-15.44.47:552][  0]LogInit: Overriding language with editor language configuration option (en).
[2020.05.05-15.44.47:552][  0]LogInit: Overriding locale with editor culture configuration option ().
[2020.05.05-15.44.47:552][  0]LogInit: Using OS detected locale (es-ES).
[2020.05.05-15.44.47:779][  0]LogInit: Setting process to per monitor DPI aware
[2020.05.05-15.44.47:832][  0]LogSlate: New Slate User Created.  User Index 0, Is Virtual User: 0
[2020.05.05-15.44.47:832][  0]LogSlate: Slate User Registered.  User Index 0, Is Virtual User: 0
[2020.05.05-15.44.48:178][  0]LogHMD: Failed to initialize OpenVR with code 110
[2020.05.05-15.44.48:178][  0]LogD3D11RHI: D3D11 min allowed feature level: 11_0
[2020.05.05-15.44.48:178][  0]LogD3D11RHI: D3D11 max allowed feature level: 11_0
[2020.05.05-15.44.48:178][  0]LogD3D11RHI: D3D11 adapters:
[2020.05.05-15.44.48:256][  0]LogD3D11RHI:    0. 'NVIDIA GeForce GTX 1050' (Feature Level 11_0)
[2020.05.05-15.44.48:256][  0]LogD3D11RHI:       4021/0/8134 MB DedicatedVideo/DedicatedSystem/SharedSystem, Outputs:2, VendorId:0x10de
[2020.05.05-15.44.48:265][  0]LogD3D11RHI:    1. 'Intel(R) HD Graphics 630' (Feature Level 11_0)
[2020.05.05-15.44.48:265][  0]LogD3D11RHI:       128/0/8134 MB DedicatedVideo/DedicatedSystem/SharedSystem, Outputs:0, VendorId:0x8086
[2020.05.05-15.44.48:268][  0]LogD3D11RHI:    2. 'Microsoft Basic Render Driver' (Feature Level 11_0)
[2020.05.05-15.44.48:268][  0]LogD3D11RHI:       0/0/8134 MB DedicatedVideo/DedicatedSystem/SharedSystem, Outputs:0, VendorId:0x1414
[2020.05.05-15.44.48:268][  0]LogD3D11RHI: Chosen D3D11 Adapter: 0
[2020.05.05-15.44.48:311][  0]LogD3D11RHI: Creating new Direct3DDevice
[2020.05.05-15.44.48:311][  0]LogD3D11RHI:     GPU DeviceId: 0x1c8d (for the marketing name, search the web for "GPU Device Id")
[2020.05.05-15.44.48:311][  0]LogWindows: EnumDisplayDevices:
[2020.05.05-15.44.48:312][  0]LogWindows:    0. 'Intel(R) HD Graphics 630' (P:1 D:1)
[2020.05.05-15.44.48:312][  0]LogWindows:    1. 'Intel(R) HD Graphics 630' (P:0 D:1)
[2020.05.05-15.44.48:312][  0]LogWindows:    2. 'Intel(R) HD Graphics 630' (P:0 D:0)
[2020.05.05-15.44.48:312][  0]LogWindows: DebugString: PrimaryIsNotTheChoosenAdapter PrimaryIsNotTheChoosenAdapter PrimaryIsNotTheChoosenAdapter FoundDriverCount:0 
[2020.05.05-15.44.48:312][  0]LogD3D11RHI:     Adapter Name: NVIDIA GeForce GTX 1050
[2020.05.05-15.44.48:312][  0]LogD3D11RHI:   Driver Version: Unknown (internal:Unknown, unified:Unknown)
[2020.05.05-15.44.48:313][  0]LogD3D11RHI:      Driver Date: Unknown
[2020.05.05-15.44.48:313][  0]LogRHI: Texture pool is 2814 MB (70% of 4021 MB)
[2020.05.05-15.44.48:354][  0]LogD3D11RHI: RHI has support for 64 bit atomics
[2020.05.05-15.44.48:354][  0]LogD3D11RHI: Async texture creation enabled
[2020.05.05-15.44.48:440][  0]LogD3D11RHI: GPU Timing Frequency: 1000.000000 (Debug: 2 2)
[2020.05.05-15.44.48:866][  0]LogTargetPlatformManager: Display: Loaded TargetPlatform 'AllDesktop'
[2020.05.05-15.44.48:905][  0]LogTargetPlatformManager: Display: Loaded TargetPlatform 'Android'
[2020.05.05-15.44.48:905][  0]LogTargetPlatformManager: Display: Loaded TargetPlatform 'Android_ASTC'
[2020.05.05-15.44.48:905][  0]LogTargetPlatformManager: Display: Loaded TargetPlatform 'Android_ATC'
[2020.05.05-15.44.48:905][  0]LogTargetPlatformManager: Display: Loaded TargetPlatform 'Android_DXT'
[2020.05.05-15.44.48:905][  0]LogTargetPlatformManager: Display: Loaded TargetPlatform 'Android_ETC1'
[2020.05.05-15.44.48:905][  0]LogTargetPlatformManager: Display: Loaded TargetPlatform 'Android_ETC1a'
[2020.05.05-15.44.48:905][  0]LogTargetPlatformManager: Display: Loaded TargetPlatform 'Android_ETC2'
[2020.05.05-15.44.48:905][  0]LogTargetPlatformManager: Display: Loaded TargetPlatform 'Android_PVRTC'
[2020.05.05-15.44.48:905][  0]LogTargetPlatformManager: Display: Loaded TargetPlatform 'AndroidClient'
[2020.05.05-15.44.48:905][  0]LogTargetPlatformManager: Display: Loaded TargetPlatform 'Android_ASTCClient'
[2020.05.05-15.44.48:905][  0]LogTargetPlatformManager: Display: Loaded TargetPlatform 'Android_ATCClient'
[2020.05.05-15.44.48:905][  0]LogTargetPlatformManager: Display: Loaded TargetPlatform 'Android_DXTClient'
[2020.05.05-15.44.48:905][  0]LogTargetPlatformManager: Display: Loaded TargetPlatform 'Android_ETC1Client'
[2020.05.05-15.44.48:905][  0]LogTargetPlatformManager: Display: Loaded TargetPlatform 'Android_ETC1aClient'
[2020.05.05-15.44.48:905][  0]LogTargetPlatformManager: Display: Loaded TargetPlatform 'Android_ETC2Client'
[2020.05.05-15.44.48:905][  0]LogTargetPlatformManager: Display: Loaded TargetPlatform 'Android_PVRTCClient'
[2020.05.05-15.44.48:905][  0]LogTargetPlatformManager: Display: Loaded TargetPlatform 'Android_Multi'
[2020.05.05-15.44.48:905][  0]LogTargetPlatformManager: Display: Loaded TargetPlatform 'Android_MultiClient'
[2020.05.05-15.44.48:928][  0]LogTargetPlatformManager: Display: Loaded TargetPlatform 'IOSClient'
[2020.05.05-15.44.48:928][  0]LogTargetPlatformManager: Display: Loaded TargetPlatform 'IOS'
[2020.05.05-15.44.48:935][  0]LogTargetPlatformManager: Display: Loaded TargetPlatform 'LinuxNoEditor'
[2020.05.05-15.44.48:943][  0]LogTargetPlatformManager: Display: Loaded TargetPlatform 'LinuxClient'
[2020.05.05-15.44.48:951][  0]LogTargetPlatformManager: Display: Loaded TargetPlatform 'LinuxServer'
[2020.05.05-15.44.48:962][  0]LogTargetPlatformManager: Display: Loaded TargetPlatform 'LinuxAArch64NoEditor'
[2020.05.05-15.44.48:971][  0]LogTargetPlatformManager: Display: Loaded TargetPlatform 'LinuxAArch64Client'
[2020.05.05-15.44.48:980][  0]LogTargetPlatformManager: Display: Loaded TargetPlatform 'LinuxAArch64Server'
[2020.05.05-15.44.49:015][  0]LogTargetPlatformManager: Display: Loaded TargetPlatform 'Lumin'
[2020.05.05-15.44.49:015][  0]LogTargetPlatformManager: Display: Loaded TargetPlatform 'LuminClient'
[2020.05.05-15.44.49:033][  0]LogTargetPlatformManager: Display: Loaded TargetPlatform 'TVOSClient'
[2020.05.05-15.44.49:033][  0]LogTargetPlatformManager: Display: Loaded TargetPlatform 'TVOS'
[2020.05.05-15.44.49:042][  0]LogTargetPlatformManager: Display: Loaded TargetPlatform 'WindowsNoEditor'
[2020.05.05-15.44.49:051][  0]LogTargetPlatformManager: Display: Loaded TargetPlatform 'Windows'
[2020.05.05-15.44.49:062][  0]LogTargetPlatformManager: Display: Loaded TargetPlatform 'WindowsClient'
[2020.05.05-15.44.49:069][  0]LogTargetPlatformManager: Display: Loaded TargetPlatform 'WindowsServer'
[2020.05.05-15.44.49:069][  0]LogTargetPlatformManager: Display: Building Assets For Windows
[2020.05.05-15.44.49:073][  0]LogAudioDebug: Display: Lib vorbis DLL was dynamically loaded.
[2020.05.05-15.44.49:099][  0]LogShaderCompilers: Guid format shader working directory is -69 characters bigger than the processId version (../../../../../Uni/Recu Unreal/RepositorioRecuPabloValero/RecuperacionUnreal_PabloValeroMorales/RecuperacionPabloV/Intermediate/Shaders/WorkingDirectory/19644/).
[2020.05.05-15.44.49:099][  0]LogShaderCompilers: Cleaned the shader compiler working directory 'C:/Users/pvale/AppData/Local/Temp/UnrealShaderWorkingDir/ADB36C88439F3E4C5EA1E5820A833A24/'.
[2020.05.05-15.44.49:100][  0]LogXGEController: Cleaning working directory: C:/Users/pvale/AppData/Local/Temp/UnrealXGEWorkingDir/
[2020.05.05-15.44.49:100][  0]LogXGEController: Cannot use XGE Controller as Incredibuild is not installed on this machine.
[2020.05.05-15.44.49:100][  0]LogShaderCompilers: Cannot use XGE Shader Compiler as Incredibuild is not installed on this machine.
[2020.05.05-15.44.49:100][  0]LogShaderCompilers: Display: Using Local Shader Compiler.
[2020.05.05-15.44.50:087][  0]LogDerivedDataCache: Display: Max Cache Size: 512 MB
[2020.05.05-15.44.50:169][  0]LogDerivedDataCache: Loaded boot cache 0.08s 78MB C:/Users/pvale/AppData/Local/UnrealEngine/4.24/DerivedDataCache/Boot.ddc.
[2020.05.05-15.44.50:170][  0]LogDerivedDataCache: Display: Loaded Boot cache: C:/Users/pvale/AppData/Local/UnrealEngine/4.24/DerivedDataCache/Boot.ddc
[2020.05.05-15.44.50:170][  0]LogDerivedDataCache: FDerivedDataBackendGraph:  Pak pak cache file ../../../../../Uni/Recu Unreal/RepositorioRecuPabloValero/RecuperacionUnreal_PabloValeroMorales/RecuperacionPabloV/DerivedDataCache/DDC.ddp not found, will not use a pak cache.
[2020.05.05-15.44.50:170][  0]LogDerivedDataCache: Unable to find inner node Pak for hierarchical cache Hierarchy.
[2020.05.05-15.44.50:170][  0]LogDerivedDataCache: FDerivedDataBackendGraph:  CompressedPak pak cache file ../../../../../Uni/Recu Unreal/RepositorioRecuPabloValero/RecuperacionUnreal_PabloValeroMorales/RecuperacionPabloV/DerivedDataCache/Compressed.ddp not found, will not use a pak cache.
[2020.05.05-15.44.50:170][  0]LogDerivedDataCache: Unable to find inner node CompressedPak for hierarchical cache Hierarchy.
[2020.05.05-15.44.50:183][  0]LogDerivedDataCache: Display: Pak cache opened for reading ../../../Engine/DerivedDataCache/Compressed.ddp.
[2020.05.05-15.44.50:183][  0]LogDerivedDataCache: FDerivedDataBackendGraph:  EnterprisePak pak cache file ../../../Enterprise/DerivedDataCache/Compressed.ddp not found, will not use a pak cache.
[2020.05.05-15.44.50:183][  0]LogDerivedDataCache: Unable to find inner node EnterprisePak for hierarchical cache Hierarchy.
[2020.05.05-15.44.50:185][  0]LogDerivedDataCache: Using Local data cache path C:/Users/pvale/AppData/Local/UnrealEngine/Common/DerivedDataCache: Writable
[2020.05.05-15.44.50:185][  0]LogDerivedDataCache: Shared data cache path not found in *engine.ini, will not use an Shared cache.
[2020.05.05-15.44.50:185][  0]LogDerivedDataCache: Unable to find inner node Shared for hierarchical cache Hierarchy.
[2020.05.05-15.44.50:220][  0]LogMaterial: Verifying Global Shaders for PCD3D_SM5
[2020.05.05-15.44.50:222][  0]LogSlate: Using FreeType 2.10.0
[2020.05.05-15.44.50:224][  0]LogSlate: SlateFontServices - WITH_FREETYPE: 1, WITH_HARFBUZZ: 1
[2020.05.05-15.44.50:300][  0]LogAssetRegistry: FAssetRegistry took 0.0027 seconds to start up
[2020.05.05-15.44.50:704][  0]LogInit: Selected Device Profile: [Windows]
[2020.05.05-15.44.50:903][  0]LogMeshReduction: Using QuadricMeshReduction for automatic static mesh reduction
[2020.05.05-15.44.50:903][  0]LogMeshReduction: Using SimplygonMeshReduction for automatic skeletal mesh reduction
[2020.05.05-15.44.50:903][  0]LogMeshReduction: Using ProxyLODMeshReduction for automatic mesh merging
[2020.05.05-15.44.50:903][  0]LogMeshReduction: No distributed automatic mesh merging module available
[2020.05.05-15.44.50:903][  0]LogMeshMerging: No distributed automatic mesh merging module available
[2020.05.05-15.44.50:919][  0]LogNetVersion: RecuperacionPabloV 1.0.0, NetCL: 10570792, EngineNetVer: 13, GameNetVer: 0 (Checksum: 1256937545)
[2020.05.05-15.44.52:368][  0]LogPackageLocalizationCache: Processed 10 localized package path(s) for 1 prioritized culture(s) in 0.065112 seconds
[2020.05.05-15.44.52:378][  0]LogUObjectArray: 46750 objects as part of root set at end of initial load.
[2020.05.05-15.44.52:378][  0]LogUObjectAllocator: 8137160 out of 0 bytes used by permanent object pool.
[2020.05.05-15.44.52:378][  0]LogUObjectArray: CloseDisregardForGC: 0/0 objects in disregard for GC pool
[2020.05.05-15.44.52:900][  0]LogTcpMessaging: Initializing TcpMessaging bridge
[2020.05.05-15.44.52:904][  0]LogUdpMessaging: Initializing bridge on interface 0.0.0.0:0 to multicast group 230.0.0.1:6666.
[2020.05.05-15.44.52:958][  0]SourceControl: Source control is disabled
[2020.05.05-15.44.52:958][  0]SourceControl: Source control is disabled
[2020.05.05-15.44.52:959][  0]SourceControl: Source control is disabled
[2020.05.05-15.44.52:960][  0]SourceControl: Source control is disabled
[2020.05.05-15.44.52:960][  0]SourceControl: Source control is disabled
[2020.05.05-15.44.53:049][  0]LogAndroidPermission: UAndroidPermissionCallbackProxy::GetInstance
[2020.05.05-15.44.53:060][  0]LogAudioCaptureCore: Display: No Audio Capture implementations found. Audio input will be silent.
[2020.05.05-15.44.53:060][  0]LogAudioCaptureCore: Display: No Audio Capture implementations found. Audio input will be silent.
[2020.05.05-15.44.53:148][  0]LogOcInput: OculusInput pre-init called
[2020.05.05-15.44.53:155][  0]LogWindows: Failed to load 'OVRPlugin.dll' (GetLastError=126)
[2020.05.05-15.44.53:155][  0]LogWindows: File 'OVRPlugin.dll' does not exist
[2020.05.05-15.44.53:229][  0]LogEngine: Initializing Engine...
[2020.05.05-15.44.53:230][  0]LogHMD: Failed to initialize OpenVR with code 110
[2020.05.05-15.44.53:231][  0]LogStats: UGameplayTagsManager::InitializeManager -  0.000 s
[2020.05.05-15.44.53:607][  0]LogInit: Initializing FReadOnlyCVARCache
[2020.05.05-15.44.53:613][  0]LogAIModule: Creating AISystem for world Untitled
[2020.05.05-15.44.53:694][  0]LogAudioMixer: Display: Audio Mixer Platform Settings:
[2020.05.05-15.44.53:694][  0]LogAudioMixer: Display: 	Sample Rate:						  48000
[2020.05.05-15.44.53:694][  0]LogAudioMixer: Display: 	Callback Buffer Frame Size Requested: 1024
[2020.05.05-15.44.53:694][  0]LogAudioMixer: Display: 	Callback Buffer Frame Size To Use:	  1024
[2020.05.05-15.44.53:694][  0]LogAudioMixer: Display: 	Number of buffers to queue:			  2
[2020.05.05-15.44.53:694][  0]LogAudioMixer: Display: 	Max Channels (voices):				  32
[2020.05.05-15.44.53:694][  0]LogAudioMixer: Display: 	Number of Async Source Workers:		  0
[2020.05.05-15.44.53:694][  0]LogAudio: Display: AudioDevice MaxSources: 32
[2020.05.05-15.44.53:694][  0]LogAudio: Display: Using built-in audio occlusion.
[2020.05.05-15.44.53:694][  0]LogAudioMixer: Display: Initializing audio mixer.
[2020.05.05-15.44.53:714][  0]LogAudioMixer: Display: Audio Device Output Speaker Info:
[2020.05.05-15.44.53:714][  0]LogAudioMixer: Display: Name: SONY TV (Sonido Intel(R) para pantallas)
[2020.05.05-15.44.53:714][  0]LogAudioMixer: Display: Is Default: Yes
[2020.05.05-15.44.53:714][  0]LogAudioMixer: Display: Sample Rate: 48000
[2020.05.05-15.44.53:714][  0]LogAudioMixer: Display: Channel Count Used: 2
[2020.05.05-15.44.53:714][  0]LogAudioMixer: Display: Device Channel Count: 2
[2020.05.05-15.44.53:714][  0]LogAudioMixer: Display: Channel Order:
[2020.05.05-15.44.53:714][  0]LogAudioMixer: Display: 0: FrontLeft
[2020.05.05-15.44.53:714][  0]LogAudioMixer: Display: 1: FrontRight
[2020.05.05-15.44.53:744][  0]LogAudioMixer: Display: Using Audio Device SONY TV (Sonido Intel(R) para pantallas)
[2020.05.05-15.44.53:750][  0]LogInit: FAudioDevice initialized.
[2020.05.05-15.44.53:750][  0]LogNetVersion: Set ProjectVersion to 1.0.0.0. Version Checksum will be recalculated on next use.
[2020.05.05-15.44.53:849][  0]LogDerivedDataCache: Saved boot cache 0.10s 78MB C:/Users/pvale/AppData/Local/UnrealEngine/4.24/DerivedDataCache/Boot.ddc.
[2020.05.05-15.44.53:854][  0]LogInit: Texture streaming: Enabled
[2020.05.05-15.44.53:864][  0]LogEngineSessionManager: EngineSessionManager initialized
[2020.05.05-15.44.53:864][  0]LogEditorSessionSummary: Verbose: Initializing EditorSessionSummaryWriter for editor session tracking
[2020.05.05-15.44.53:866][  0]LogEditorSessionSummary: EditorSessionSummaryWriter initialized
[2020.05.05-15.44.53:930][  0]LogInit: Transaction tracking system initialized
[2020.05.05-15.44.53:941][  0]BlueprintLog: New page: Editor Load
[2020.05.05-15.44.53:969][  0]LocalizationService: Localization service is disabled
[2020.05.05-15.44.54:289][  0]LogCook: Display: Max memory allowance for cook 16384mb min free memory 0mb
[2020.05.05-15.44.54:289][  0]LogCook: Display: Mobile HDR setting 1
[2020.05.05-15.44.54:374][  0]LogFileCache: Scanning file cache for directory 'D:/Uni/Recu Unreal/RepositorioRecuPabloValero/RecuperacionUnreal_PabloValeroMorales/RecuperacionPabloV/Content/' took 0.01s
[2020.05.05-15.44.55:129][  0]SourceControl: Source control is disabled
[2020.05.05-15.44.55:130][  0]LightingResults: New page: Lighting Build
[2020.05.05-15.44.55:131][  0]LogWorld: UWorld::CleanupWorld for Untitled, bSessionEnded=true, bCleanupResources=true
[2020.05.05-15.44.55:131][  0]LogSlate: InvalidateAllWidgets triggered.  All widgets were invalidated
[2020.05.05-15.44.55:131][  0]MapCheck: New page: Map Check
[2020.05.05-15.44.55:131][  0]LightingResults: New page: Lighting Build
[2020.05.05-15.44.55:157][  0]LogUObjectHash: Compacting FUObjectHashTables data took   2.59ms
[2020.05.05-15.44.55:805][  0]LogAIModule: Creating AISystem for world ThirdPersonExampleMap
[2020.05.05-15.44.55:826][  0]LogEditorServer: Finished looking for orphan Actors (0.000 secs)
[2020.05.05-15.44.55:861][  0]LogUObjectHash: Compacting FUObjectHashTables data took   2.51ms
[2020.05.05-15.44.55:862][  0]Cmd: MAP CHECKDEP NOCLEARLOG
[2020.05.05-15.44.55:862][  0]MapCheck: Map check complete: 0 Error(s), 0 Warning(s), took 0,091ms to complete.
[2020.05.05-15.44.55:862][  0]LogFileHelpers: Loading map 'ThirdPersonExampleMap' took 0.733
[2020.05.05-15.44.56:053][  0]LogSlate: Updating window title bar state: overlay mode, drag disabled, window buttons hidden, title bar hidden
[2020.05.05-15.44.56:063][  0]LogSlate: Updating window title bar state: overlay mode, drag disabled, window buttons hidden, title bar hidden
[2020.05.05-15.44.56:074][  0]LogSlate: Updating window title bar state: overlay mode, drag disabled, window buttons hidden, title bar hidden
[2020.05.05-15.44.56:087][  0]LogSlate: Updating window title bar state: overlay mode, drag disabled, window buttons hidden, title bar hidden
[2020.05.05-15.44.56:094][  0]LogCollectionManager: Loaded 0 collections in 0.001632 seconds
[2020.05.05-15.44.56:122][  0]LogFileCache: Scanning file cache for directory 'D:/Uni/Recu Unreal/RepositorioRecuPabloValero/RecuperacionUnreal_PabloValeroMorales/RecuperacionPabloV/Saved/Collections/' took 0.00s
[2020.05.05-15.44.56:123][  0]LogFileCache: Scanning file cache for directory 'D:/Uni/Recu Unreal/RepositorioRecuPabloValero/RecuperacionUnreal_PabloValeroMorales/RecuperacionPabloV/Content/Developers/pvale/Collections/' took 0.00s
[2020.05.05-15.44.56:123][  0]LogFileCache: Scanning file cache for directory 'D:/Uni/Recu Unreal/RepositorioRecuPabloValero/RecuperacionUnreal_PabloValeroMorales/RecuperacionPabloV/Content/Collections/' took 0.00s
[2020.05.05-15.44.56:123][  0]LogContentBrowser: Native class hierarchy populated in 0.0171 seconds. Added 3017 classes and 720 folders.
[2020.05.05-15.44.56:127][  0]LogContentBrowser: Native class hierarchy updated for 'WidgetCarousel' in 0.0004 seconds. Added 0 classes and 0 folders.
[2020.05.05-15.44.56:243][  0]LogContentBrowser: Native class hierarchy updated for 'AddContentDialog' in 0.0005 seconds. Added 0 classes and 0 folders.
[2020.05.05-15.44.57:961][  0]LogSlate: Took 0.001267 seconds to synchronously load lazily loaded font '../../../Engine/Content/Slate/Fonts/Roboto-Regular.ttf' (155K)
[2020.05.05-15.44.57:980][  0]LogSlate: Took 0.000307 seconds to synchronously load lazily loaded font '../../../Engine/Content/Slate/Fonts/Roboto-Bold.ttf' (160K)
[2020.05.05-15.44.57:988][  0]LogSlate: Took 0.000887 seconds to synchronously load lazily loaded font '../../../Engine/Content/Editor/Slate/Fonts/FontAwesome.ttf' (139K)
[2020.05.05-15.44.58:088][  0]LogRenderer: Reallocating scene render targets to support 852x388 Format 10 NumSamples 1 (Frame:1).
[2020.05.05-15.44.58:280][  0]LogContentBrowser: Native class hierarchy updated for 'HierarchicalLODOutliner' in 0.0004 seconds. Added 0 classes and 0 folders.
[2020.05.05-15.44.58:280][  0]LogLoad: (Engine Initialization) Total time: 12.72 seconds
[2020.05.05-15.44.58:280][  0]LogLoad: (Engine Initialization) Total Blueprint compile time: 0.00 seconds
[2020.05.05-15.44.58:455][  0]LogContentStreaming: Texture pool size now 1000 MB
[2020.05.05-15.44.58:481][  0]LogSlate: Took 0.000212 seconds to synchronously load lazily loaded font '../../../Engine/Content/Slate/Fonts/Roboto-Light.ttf' (167K)
[2020.05.05-15.44.58:522][  1]LogAssetRegistry: Asset discovery search completed in 8.2229 seconds
[2020.05.05-15.44.58:531][  1]LogCollectionManager: Fixed up redirectors for 0 collections in 0.000010 seconds (updated 0 objects)
[2020.05.05-15.47.33:077][717]LogUObjectHash: Compacting FUObjectHashTables data took   2.58ms
[2020.05.05-15.47.46:134][221]LogSlate: Took 0.000247 seconds to synchronously load lazily loaded font '../../../Engine/Content/Slate/Fonts/Roboto-Light.ttf' (167K)
[2020.05.05-15.47.46:334][221]LogUObjectHash: Compacting FUObjectHashTables data took   2.71ms
[2020.05.05-15.47.46:335][221]LogMetaData: Removing '/Game/PuntosExamen/ZonaConfusion.SKEL_ZonaConfusion_C' ref from Metadata '/Game/PuntosExamen/Deathzone_2.PackageMetaData'
[2020.05.05-15.47.46:335][221]LogMetaData: Removing '/Game/PuntosExamen/ZonaConfusion.ZonaConfusion_C' ref from Metadata '/Game/PuntosExamen/Deathzone_2.PackageMetaData'
[2020.05.05-15.47.46:479][221]LogSavePackage: Moving '../../../../../Uni/Recu Unreal/RepositorioRecuPabloValero/RecuperacionUnreal_PabloValeroMorales/RecuperacionPabloV/Saved/ZonaConfusion7B3E8CA449CD5143BDA66DA4E7364386.tmp' to '../../../../../Uni/Recu Unreal/RepositorioRecuPabloValero/RecuperacionUnreal_PabloValeroMorales/RecuperacionPabloV/Content/PuntosExamen/ZonaConfusion.uasset'
[2020.05.05-15.47.46:678][221]LogUObjectHash: Compacting FUObjectHashTables data took   2.03ms
[2020.05.05-15.47.46:718][221]LogUObjectHash: Compacting FUObjectHashTables data took   1.69ms
[2020.05.05-15.47.46:743][221]LogUObjectHash: Compacting FUObjectHashTables data took   0.65ms
[2020.05.05-15.47.46:800][221]AssetCheck: New page: Asset Save: ZonaConfusion
[2020.05.05-15.47.46:800][221]LogContentValidation: Display: Validating Blueprint /Game/PuntosExamen/ZonaConfusion.ZonaConfusion
[2020.05.05-15.47.47:876][258]LogAssetEditorSubsystem: Opening Asset editor for Blueprint /Game/PuntosExamen/ZonaConfusion.ZonaConfusion
[2020.05.05-15.47.48:132][258]LogContentBrowser: Native class hierarchy updated for 'BlueprintGraph' in 0.0005 seconds. Added 121 classes and 0 folders.
[2020.05.05-15.47.49:042][258]LogSlate: Took 0.000252 seconds to synchronously load lazily loaded font '../../../Engine/Content/Slate/Fonts/Roboto-BoldCondensed.ttf' (158K)
[2020.05.05-15.47.49:112][259]LogSlate: Took 0.000443 seconds to synchronously load lazily loaded font '../../../Engine/Content/Slate/Fonts/Roboto-Italic.ttf' (157K)
[2020.05.05-15.47.55:007][503]LogRenderer: Reallocating scene render targets to support 852x532 Format 10 NumSamples 1 (Frame:1).
[2020.05.05-15.48.55:896][772]LogSlate: Window 'ZonaConfusion' being destroyed
[2020.05.05-15.50.10:877][518]LogAssetEditorSubsystem: Opening Asset editor for Blueprint /Game/ThirdPersonBP/Blueprints/ThirdPersonCharacter.ThirdPersonCharacter
[2020.05.05-15.50.40:761][ 23]LogSlate: Took 0.000313 seconds to synchronously load lazily loaded font '../../../Engine/Content/Slate/Fonts/Roboto-BoldCondensedItalic.ttf' (160K)
[2020.05.05-15.50.46:852][179]LogLinker: Failed to load '/Game/Puntos/ZonaConfusion/Confusion': Can't find file.
[2020.05.05-15.50.46:852][179]LogLinker: Failed to load '/Game/Puntos/ZonaConfusion/Confusion': Can't find file.
[2020.05.05-15.51.54:577][281]BlueprintLog: New page: Compile ThirdPersonCharacter
[2020.05.05-15.51.55:017][281]LogUObjectHash: Compacting FUObjectHashTables data took   5.98ms
[2020.05.05-15.51.55:840][314]LogSavePackage: Moving '../../../../../Uni/Recu Unreal/RepositorioRecuPabloValero/RecuperacionUnreal_PabloValeroMorales/RecuperacionPabloV/Saved/ThirdPersonCharacterE60786AC4D87634835134B91785EA6FC.tmp' to '../../../../../Uni/Recu Unreal/RepositorioRecuPabloValero/RecuperacionUnreal_PabloValeroMorales/RecuperacionPabloV/Content/ThirdPersonBP/Blueprints/ThirdPersonCharacter.uasset'
[2020.05.05-15.51.55:879][314]AssetCheck: New page: Asset Save: ThirdPersonCharacter
[2020.05.05-15.51.55:879][314]LogContentValidation: Display: Validating Blueprint /Game/ThirdPersonBP/Blueprints/ThirdPersonCharacter.ThirdPersonCharacter
[2020.05.05-15.51.57:961][421]BlueprintLog: New page: Compile ZonaConfusion
[2020.05.05-15.51.58:276][421]LogUObjectHash: Compacting FUObjectHashTables data took   5.66ms
[2020.05.05-15.51.58:757][441]LogSavePackage: Moving '../../../../../Uni/Recu Unreal/RepositorioRecuPabloValero/RecuperacionUnreal_PabloValeroMorales/RecuperacionPabloV/Saved/ZonaConfusion9B5E4C0945CBB3A8D80303B24009E002.tmp' to '../../../../../Uni/Recu Unreal/RepositorioRecuPabloValero/RecuperacionUnreal_PabloValeroMorales/RecuperacionPabloV/Content/PuntosExamen/ZonaConfusion.uasset'
[2020.05.05-15.51.58:779][441]AssetCheck: New page: Asset Save: ZonaConfusion
[2020.05.05-15.51.58:779][441]LogContentValidation: Display: Validating Blueprint /Game/PuntosExamen/ZonaConfusion.ZonaConfusion
[2020.05.05-15.52.01:079][550]LogUObjectHash: Compacting FUObjectHashTables data took   6.23ms
[2020.05.05-15.52.01:543][550]LogSavePackage: Moving '../../../../../Uni/Recu Unreal/RepositorioRecuPabloValero/RecuperacionUnreal_PabloValeroMorales/RecuperacionPabloV/Saved/ThirdPersonExampleMapD60B662843F41C0932F324B3E08533CC.tmp' to '../../../../../Uni/Recu Unreal/RepositorioRecuPabloValero/RecuperacionUnreal_PabloValeroMorales/RecuperacionPabloV/Content/ThirdPersonBP/Maps/ThirdPersonExampleMap.umap'
[2020.05.05-15.52.01:794][550]LogSavePackage: Moving '../../../../../Uni/Recu Unreal/RepositorioRecuPabloValero/RecuperacionUnreal_PabloValeroMorales/RecuperacionPabloV/Saved/ThirdPersonExampleMap_BuiltDataB5907D674E2C9FC64A80F89669CA0FCE.tmp' to '../../../../../Uni/Recu Unreal/RepositorioRecuPabloValero/RecuperacionUnreal_PabloValeroMorales/RecuperacionPabloV/Content/ThirdPersonBP/Maps/ThirdPersonExampleMap_BuiltData.uasset'
[2020.05.05-15.52.01:821][550]AssetCheck: New page: Asset Save: multiple assets
[2020.05.05-15.52.01:821][550]LogContentValidation: Display: Validating World /Game/ThirdPersonBP/Maps/ThirdPersonExampleMap.ThirdPersonExampleMap
[2020.05.05-15.52.01:821][550]LogContentValidation: Display: Validating MapBuildDataRegistry /Game/ThirdPersonBP/Maps/ThirdPersonExampleMap_BuiltData.ThirdPersonExampleMap_BuiltData
[2020.05.05-15.52.03:972][607]LogTemp: Repeating last play command: Selected Viewport
[2020.05.05-15.52.04:003][607]LogBlueprintUserMessages: Early PlayInEditor Detection: Level '/Game/ThirdPersonBP/Maps/ThirdPersonExampleMap.ThirdPersonExampleMap:PersistentLevel' has LevelScriptBlueprint '/Game/ThirdPersonBP/Maps/ThirdPersonExampleMap.ThirdPersonExampleMap:PersistentLevel.ThirdPersonExampleMap' with GeneratedClass '/Game/ThirdPersonBP/Maps/ThirdPersonExampleMap.ThirdPersonExampleMap_C' with ClassGeneratedBy '/Game/ThirdPersonBP/Maps/ThirdPersonExampleMap.ThirdPersonExampleMap:PersistentLevel.ThirdPersonExampleMap'
[2020.05.05-15.52.04:003][607]LogPlayLevel: PlayLevel: No blueprints needed recompiling
[2020.05.05-15.52.04:004][607]PIE: New page: PIE session: ThirdPersonExampleMap (5 may. 2020 19:52:04)
[2020.05.05-15.52.04:005][607]LogOnline: OSS: Creating online subsystem instance for: NULL
[2020.05.05-15.52.04:006][607]LogOnline: OSS: TryLoadSubsystemAndSetDefault: Loaded subsystem for module [NULL]
[2020.05.05-15.52.04:006][607]LogPlayLevel: Creating play world package: /Game/ThirdPersonBP/Maps/UEDPIE_0_ThirdPersonExampleMap
[2020.05.05-15.52.04:074][607]LogPlayLevel: PIE: StaticDuplicateObject took: (0.067714s)
[2020.05.05-15.52.04:075][607]LogAIModule: Creating AISystem for world ThirdPersonExampleMap
[2020.05.05-15.52.04:075][607]LogPlayLevel: PIE: World Init took: (0.001323s)
[2020.05.05-15.52.04:075][607]LogPlayLevel: PIE: Created PIE world by copying editor world from /Game/ThirdPersonBP/Maps/ThirdPersonExampleMap.ThirdPersonExampleMap to /Game/ThirdPersonBP/Maps/UEDPIE_0_ThirdPersonExampleMap.ThirdPersonExampleMap (0.069327s)
[2020.05.05-15.52.04:134][607]LogUObjectHash: Compacting FUObjectHashTables data took   4.82ms
[2020.05.05-15.52.04:135][607]LogAudioMixer: Display: Audio Mixer Platform Settings:
[2020.05.05-15.52.04:135][607]LogAudioMixer: Display: 	Sample Rate:						  48000
[2020.05.05-15.52.04:135][607]LogAudioMixer: Display: 	Callback Buffer Frame Size Requested: 1024
[2020.05.05-15.52.04:135][607]LogAudioMixer: Display: 	Callback Buffer Frame Size To Use:	  1024
[2020.05.05-15.52.04:135][607]LogAudioMixer: Display: 	Number of buffers to queue:			  2
[2020.05.05-15.52.04:135][607]LogAudioMixer: Display: 	Max Channels (voices):				  32
[2020.05.05-15.52.04:135][607]LogAudioMixer: Display: 	Number of Async Source Workers:		  0
[2020.05.05-15.52.04:135][607]LogAudio: Display: AudioDevice MaxSources: 32
[2020.05.05-15.52.04:135][607]LogAudio: Display: Using built-in audio occlusion.
[2020.05.05-15.52.04:135][607]LogAudioMixer: Display: Initializing audio mixer.
[2020.05.05-15.52.04:144][607]LogAudioMixer: Display: Audio Device Output Speaker Info:
[2020.05.05-15.52.04:144][607]LogAudioMixer: Display: Name: SONY TV (Sonido Intel(R) para pantallas)
[2020.05.05-15.52.04:144][607]LogAudioMixer: Display: Is Default: Yes
[2020.05.05-15.52.04:144][607]LogAudioMixer: Display: Sample Rate: 48000
[2020.05.05-15.52.04:144][607]LogAudioMixer: Display: Channel Count Used: 2
[2020.05.05-15.52.04:144][607]LogAudioMixer: Display: Device Channel Count: 2
[2020.05.05-15.52.04:144][607]LogAudioMixer: Display: Channel Order:
[2020.05.05-15.52.04:145][607]LogAudioMixer: Display: 0: FrontLeft
[2020.05.05-15.52.04:145][607]LogAudioMixer: Display: 1: FrontRight
[2020.05.05-15.52.04:151][607]LogAudioMixer: Display: Using Audio Device SONY TV (Sonido Intel(R) para pantallas)
[2020.05.05-15.52.04:152][607]LogInit: FAudioDevice initialized.
[2020.05.05-15.52.04:180][607]LogLoad: Game class is 'ThirdPersonGameMode_C'
[2020.05.05-15.52.04:184][607]LogWorld: Bringing World /Game/ThirdPersonBP/Maps/UEDPIE_0_ThirdPersonExampleMap.ThirdPersonExampleMap up for play (max tick rate 60) at 2020.05.05-17.52.04
[2020.05.05-15.52.04:188][607]LogWorld: Bringing up level for play took: 0.006951
[2020.05.05-15.52.04:189][607]LogOnline: OSS: Creating online subsystem instance for: :Context_9
[2020.05.05-15.52.04:196][607]LogContentBrowser: Native class hierarchy updated for 'MovieSceneCapture' in 0.0003 seconds. Added 20 classes and 0 folders.
[2020.05.05-15.52.04:198][607]PIE: Play in editor start time for /Game/ThirdPersonBP/Maps/UEDPIE_0_ThirdPersonExampleMap -0,79
[2020.05.05-15.52.04:198][607]LogBlueprintUserMessages: Late PlayInEditor Detection: Level '/Game/ThirdPersonBP/Maps/ThirdPersonExampleMap.ThirdPersonExampleMap:PersistentLevel' has LevelScriptBlueprint '/Game/ThirdPersonBP/Maps/ThirdPersonExampleMap.ThirdPersonExampleMap:PersistentLevel.ThirdPersonExampleMap' with GeneratedClass '/Game/ThirdPersonBP/Maps/ThirdPersonExampleMap.ThirdPersonExampleMap_C' with ClassGeneratedBy '/Game/ThirdPersonBP/Maps/ThirdPersonExampleMap.ThirdPersonExampleMap:PersistentLevel.ThirdPersonExampleMap'
[2020.05.05-15.52.06:105][687]LogAudioMixer: Display: No commands were queued while flushing the source manager.
[2020.05.05-15.52.06:119][687]LogAudioMixer: Display: Flush succeeded in the source manager command queue (1).
[2020.05.05-15.52.06:137][687]LogAudioMixer: Display: Flush succeeded the source manager command queue (2).
[2020.05.05-15.52.06:138][687]LogBlueprintUserMessages: Early EndPlayMap Detection: Level '/Game/ThirdPersonBP/Maps/ThirdPersonExampleMap.ThirdPersonExampleMap:PersistentLevel' has LevelScriptBlueprint '/Game/ThirdPersonBP/Maps/ThirdPersonExampleMap.ThirdPersonExampleMap:PersistentLevel.ThirdPersonExampleMap' with GeneratedClass '/Game/ThirdPersonBP/Maps/ThirdPersonExampleMap.ThirdPersonExampleMap_C' with ClassGeneratedBy '/Game/ThirdPersonBP/Maps/ThirdPersonExampleMap.ThirdPersonExampleMap:PersistentLevel.ThirdPersonExampleMap'
[2020.05.05-15.52.06:139][687]LogSlate: Updating window title bar state: overlay mode, drag disabled, window buttons hidden, title bar hidden
[2020.05.05-15.52.06:139][687]LogWorld: BeginTearingDown for /Game/ThirdPersonBP/Maps/UEDPIE_0_ThirdPersonExampleMap
[2020.05.05-15.52.06:139][687]LogAudioMixer: Display: No commands were queued while flushing the source manager.
[2020.05.05-15.52.06:140][687]LogWorld: UWorld::CleanupWorld for ThirdPersonExampleMap, bSessionEnded=true, bCleanupResources=true
[2020.05.05-15.52.06:141][687]LogSlate: InvalidateAllWidgets triggered.  All widgets were invalidated
[2020.05.05-15.52.06:176][687]LogPlayLevel: Display: Shutting down PIE online subsystems
[2020.05.05-15.52.06:176][687]LogBlueprintUserMessages: Late EndPlayMap Detection: Level '/Game/ThirdPersonBP/Maps/ThirdPersonExampleMap.ThirdPersonExampleMap:PersistentLevel' has LevelScriptBlueprint '/Game/ThirdPersonBP/Maps/ThirdPersonExampleMap.ThirdPersonExampleMap:PersistentLevel.ThirdPersonExampleMap' with GeneratedClass '/Game/ThirdPersonBP/Maps/ThirdPersonExampleMap.ThirdPersonExampleMap_C' with ClassGeneratedBy '/Game/ThirdPersonBP/Maps/ThirdPersonExampleMap.ThirdPersonExampleMap:PersistentLevel.ThirdPersonExampleMap'
[2020.05.05-15.52.06:186][687]LogSlate: InvalidateAllWidgets triggered.  All widgets were invalidated
[2020.05.05-15.52.06:232][687]LogAudioMixer: Display: No commands were queued while flushing the source manager.
[2020.05.05-15.52.06:237][687]LogSlate: Updating window title bar state: overlay mode, drag disabled, window buttons hidden, title bar hidden
[2020.05.05-15.52.06:268][687]LogUObjectHash: Compacting FUObjectHashTables data took   5.51ms
[2020.05.05-15.52.06:310][688]LogPlayLevel: Display: Destroying online subsystem :Context_9
[2020.05.05-15.52.23:170][583]LogTemp: Repeating last play command: Selected Viewport
[2020.05.05-15.52.23:195][583]LogBlueprintUserMessages: Early PlayInEditor Detection: Level '/Game/ThirdPersonBP/Maps/ThirdPersonExampleMap.ThirdPersonExampleMap:PersistentLevel' has LevelScriptBlueprint '/Game/ThirdPersonBP/Maps/ThirdPersonExampleMap.ThirdPersonExampleMap:PersistentLevel.ThirdPersonExampleMap' with GeneratedClass '/Game/ThirdPersonBP/Maps/ThirdPersonExampleMap.ThirdPersonExampleMap_C' with ClassGeneratedBy '/Game/ThirdPersonBP/Maps/ThirdPersonExampleMap.ThirdPersonExampleMap:PersistentLevel.ThirdPersonExampleMap'
[2020.05.05-15.52.23:195][583]LogPlayLevel: PlayLevel: No blueprints needed recompiling
[2020.05.05-15.52.23:195][583]PIE: New page: PIE session: ThirdPersonExampleMap (5 may. 2020 19:52:23)
[2020.05.05-15.52.23:195][583]LogPlayLevel: Creating play world package: /Game/ThirdPersonBP/Maps/UEDPIE_0_ThirdPersonExampleMap
[2020.05.05-15.52.23:273][583]LogPlayLevel: PIE: StaticDuplicateObject took: (0.077366s)
[2020.05.05-15.52.23:275][583]LogAIModule: Creating AISystem for world ThirdPersonExampleMap
[2020.05.05-15.52.23:275][583]LogPlayLevel: PIE: World Init took: (0.001547s)
[2020.05.05-15.52.23:275][583]LogPlayLevel: PIE: Created PIE world by copying editor world from /Game/ThirdPersonBP/Maps/ThirdPersonExampleMap.ThirdPersonExampleMap to /Game/ThirdPersonBP/Maps/UEDPIE_0_ThirdPersonExampleMap.ThirdPersonExampleMap (0.079094s)
[2020.05.05-15.52.23:346][583]LogUObjectHash: Compacting FUObjectHashTables data took   5.49ms
[2020.05.05-15.52.23:350][583]LogAudioMixer: Display: Audio Mixer Platform Settings:
[2020.05.05-15.52.23:350][583]LogAudioMixer: Display: 	Sample Rate:						  48000
[2020.05.05-15.52.23:350][583]LogAudioMixer: Display: 	Callback Buffer Frame Size Requested: 1024
[2020.05.05-15.52.23:350][583]LogAudioMixer: Display: 	Callback Buffer Frame Size To Use:	  1024
[2020.05.05-15.52.23:350][583]LogAudioMixer: Display: 	Number of buffers to queue:			  2
[2020.05.05-15.52.23:350][583]LogAudioMixer: Display: 	Max Channels (voices):				  32
[2020.05.05-15.52.23:350][583]LogAudioMixer: Display: 	Number of Async Source Workers:		  0
[2020.05.05-15.52.23:350][583]LogAudio: Display: AudioDevice MaxSources: 32
[2020.05.05-15.52.23:351][583]LogAudio: Display: Using built-in audio occlusion.
[2020.05.05-15.52.23:351][583]LogAudioMixer: Display: Initializing audio mixer.
[2020.05.05-15.52.23:360][583]LogAudioMixer: Display: Audio Device Output Speaker Info:
[2020.05.05-15.52.23:360][583]LogAudioMixer: Display: Name: SONY TV (Sonido Intel(R) para pantallas)
[2020.05.05-15.52.23:360][583]LogAudioMixer: Display: Is Default: Yes
[2020.05.05-15.52.23:360][583]LogAudioMixer: Display: Sample Rate: 48000
[2020.05.05-15.52.23:360][583]LogAudioMixer: Display: Channel Count Used: 2
[2020.05.05-15.52.23:360][583]LogAudioMixer: Display: Device Channel Count: 2
[2020.05.05-15.52.23:360][583]LogAudioMixer: Display: Channel Order:
[2020.05.05-15.52.23:360][583]LogAudioMixer: Display: 0: FrontLeft
[2020.05.05-15.52.23:360][583]LogAudioMixer: Display: 1: FrontRight
[2020.05.05-15.52.23:367][583]LogAudioMixer: Display: Using Audio Device SONY TV (Sonido Intel(R) para pantallas)
[2020.05.05-15.52.23:369][583]LogInit: FAudioDevice initialized.
[2020.05.05-15.52.23:374][583]LogLoad: Game class is 'ThirdPersonGameMode_C'
[2020.05.05-15.52.23:379][583]LogWorld: Bringing World /Game/ThirdPersonBP/Maps/UEDPIE_0_ThirdPersonExampleMap.ThirdPersonExampleMap up for play (max tick rate 60) at 2020.05.05-17.52.23
[2020.05.05-15.52.23:379][583]LogWorld: Bringing up level for play took: 0.003896
[2020.05.05-15.52.23:379][583]LogOnline: OSS: Creating online subsystem instance for: :Context_10
[2020.05.05-15.52.23:382][583]PIE: Play in editor start time for /Game/ThirdPersonBP/Maps/UEDPIE_0_ThirdPersonExampleMap 0,394
[2020.05.05-15.52.23:382][583]LogBlueprintUserMessages: Late PlayInEditor Detection: Level '/Game/ThirdPersonBP/Maps/ThirdPersonExampleMap.ThirdPersonExampleMap:PersistentLevel' has LevelScriptBlueprint '/Game/ThirdPersonBP/Maps/ThirdPersonExampleMap.ThirdPersonExampleMap:PersistentLevel.ThirdPersonExampleMap' with GeneratedClass '/Game/ThirdPersonBP/Maps/ThirdPersonExampleMap.ThirdPersonExampleMap_C' with ClassGeneratedBy '/Game/ThirdPersonBP/Maps/ThirdPersonExampleMap.ThirdPersonExampleMap:PersistentLevel.ThirdPersonExampleMap'
[2020.05.05-15.52.29:497][943]LogAudioMixer: Display: No commands were queued while flushing the source manager.
[2020.05.05-15.52.29:497][943]LogAudioMixer: Display: No commands were queued while flushing the source manager.
[2020.05.05-15.52.29:497][943]LogBlueprintUserMessages: Early EndPlayMap Detection: Level '/Game/ThirdPersonBP/Maps/ThirdPersonExampleMap.ThirdPersonExampleMap:PersistentLevel' has LevelScriptBlueprint '/Game/ThirdPersonBP/Maps/ThirdPersonExampleMap.ThirdPersonExampleMap:PersistentLevel.ThirdPersonExampleMap' with GeneratedClass '/Game/ThirdPersonBP/Maps/ThirdPersonExampleMap.ThirdPersonExampleMap_C' with ClassGeneratedBy '/Game/ThirdPersonBP/Maps/ThirdPersonExampleMap.ThirdPersonExampleMap:PersistentLevel.ThirdPersonExampleMap'
[2020.05.05-15.52.29:497][943]LogSlate: Updating window title bar state: overlay mode, drag disabled, window buttons hidden, title bar hidden
[2020.05.05-15.52.29:497][943]LogWorld: BeginTearingDown for /Game/ThirdPersonBP/Maps/UEDPIE_0_ThirdPersonExampleMap
[2020.05.05-15.52.29:497][943]LogAudioMixer: Display: No commands were queued while flushing the source manager.
[2020.05.05-15.52.29:497][943]LogWorld: UWorld::CleanupWorld for ThirdPersonExampleMap, bSessionEnded=true, bCleanupResources=true
[2020.05.05-15.52.29:498][943]LogSlate: InvalidateAllWidgets triggered.  All widgets were invalidated
[2020.05.05-15.52.29:511][943]LogPlayLevel: Display: Shutting down PIE online subsystems
[2020.05.05-15.52.29:511][943]LogBlueprintUserMessages: Late EndPlayMap Detection: Level '/Game/ThirdPersonBP/Maps/ThirdPersonExampleMap.ThirdPersonExampleMap:PersistentLevel' has LevelScriptBlueprint '/Game/ThirdPersonBP/Maps/ThirdPersonExampleMap.ThirdPersonExampleMap:PersistentLevel.ThirdPersonExampleMap' with GeneratedClass '/Game/ThirdPersonBP/Maps/ThirdPersonExampleMap.ThirdPersonExampleMap_C' with ClassGeneratedBy '/Game/ThirdPersonBP/Maps/ThirdPersonExampleMap.ThirdPersonExampleMap:PersistentLevel.ThirdPersonExampleMap'
[2020.05.05-15.52.29:518][943]LogSlate: InvalidateAllWidgets triggered.  All widgets were invalidated
[2020.05.05-15.52.29:558][943]LogAudioMixer: Display: No commands were queued while flushing the source manager.
[2020.05.05-15.52.29:561][943]LogSlate: Updating window title bar state: overlay mode, drag disabled, window buttons hidden, title bar hidden
[2020.05.05-15.52.29:566][943]LogUObjectHash: Compacting FUObjectHashTables data took   4.49ms
[2020.05.05-15.52.29:629][945]LogPlayLevel: Display: Destroying online subsystem :Context_10
